Log file open, 09/19/20 14:10:20
LogWindows: Failed to load 'aqProf.dll' (GetLastError=126)
LogWindows: File 'aqProf.dll' does not exist
LogWindows: Failed to load 'VtuneApi.dll' (GetLastError=126)
LogWindows: File 'VtuneApi.dll' does not exist
LogWindows: Failed to load 'VtuneApi32e.dll' (GetLastError=126)
LogWindows: File 'VtuneApi32e.dll' does not exist
LogConsoleResponse: Display: Failed to find resolution value strings in scalability ini. Falling back to default.
LogInit: Display: Running engine for game: Hw_6
LogPlatformFile: Not using cached read wrapper
LogTaskGraph: Started task graph with 5 named threads and 14 total threads with 3 sets of task threads.
LogStats: Stats thread started at 0.234159
LogD3D11RHI: Loaded GFSDK_Aftermath_Lib.x64.dll
LogICUInternationalization: ICU TimeZone Detection - Raw Offset: +3:00, Platform Override: ''
LogPluginManager: Mounting plugin Paper2D
LogPluginManager: Mounting plugin AISupport
LogPluginManager: Mounting plugin LightPropagationVolume
LogPluginManager: Mounting plugin ActorLayerUtilities
LogPluginManager: Mounting plugin AnimationSharing
LogPluginManager: Mounting plugin CLionSourceCodeAccess
LogPluginManager: Mounting plugin CodeLiteSourceCodeAccess
LogPluginManager: Mounting plugin GitSourceControl
LogPluginManager: Mounting plugin KDevelopSourceCodeAccess
LogPluginManager: Mounting plugin NullSourceCodeAccess
LogPluginManager: Mounting plugin PerforceSourceControl
LogPluginManager: Mounting plugin PlasticSourceControl
LogPluginManager: Mounting plugin SubversionSourceControl
LogPluginManager: Mounting plugin UObjectPlugin
LogPluginManager: Mounting plugin VisualStudioCodeSourceCodeAccess
LogPluginManager: Mounting plugin VisualStudioSourceCodeAccess
LogPluginManager: Mounting plugin XCodeSourceCodeAccess
LogPluginManager: Mounting plugin AssetManagerEditor
LogPluginManager: Mounting plugin CryptoKeys
LogPluginManager: Mounting plugin CurveEditorTools
LogPluginManager: Mounting plugin DataValidation
LogPluginManager: Mounting plugin FacialAnimation
LogPluginManager: Mounting plugin GameplayTagsEditor
LogPluginManager: Mounting plugin MacGraphicsSwitching
LogPluginManager: Mounting plugin MaterialAnalyzer
LogPluginManager: Mounting plugin MobileLauncherProfileWizard
LogPluginManager: Mounting plugin PluginBrowser
LogPluginManager: Mounting plugin SpeedTreeImporter
LogPluginManager: Mounting plugin DatasmithContent
LogPluginManager: Mounting plugin VariantManagerContent
LogPluginManager: Mounting plugin AlembicImporter
LogPluginManager: Mounting plugin AutomationUtils
LogPluginManager: Mounting plugin BackChannel
LogPluginManager: Mounting plugin CharacterAI
LogPluginManager: Mounting plugin GeometryCache
LogPluginManager: Mounting plugin PlatformCrypto
LogPluginManager: Mounting plugin ProxyLODPlugin
LogPluginManager: Mounting plugin SkeletalReduction
LogPluginManager: Mounting plugin MagicLeap
LogPluginManager: Mounting plugin MagicLeapMedia
LogPluginManager: Mounting plugin MLSDK
LogPluginManager: Mounting plugin AndroidMedia
LogPluginManager: Mounting plugin AvfMedia
LogPluginManager: Mounting plugin ImgMedia
LogPluginManager: Mounting plugin MediaCompositing
LogPluginManager: Mounting plugin MediaPlayerEditor
LogPluginManager: Mounting plugin WebMMedia
LogPluginManager: Mounting plugin WmfMedia
LogPluginManager: Mounting plugin TcpMessaging
LogPluginManager: Mounting plugin UdpMessaging
LogPluginManager: Mounting plugin ActorSequence
LogPluginManager: Mounting plugin LevelSequenceEditor
LogPluginManager: Mounting plugin MatineeToLevelSequence
LogPluginManager: Mounting plugin NetcodeUnitTest
LogPluginManager: Mounting plugin NUTUnrealEngine4
LogPluginManager: Mounting plugin OnlineSubsystemGooglePlay
LogPluginManager: Mounting plugin OnlineSubsystemIOS
LogPluginManager: Mounting plugin OnlineSubsystem
LogPluginManager: Mounting plugin OnlineSubsystemNull
LogPluginManager: Mounting plugin OnlineSubsystemUtils
LogPluginManager: Mounting plugin LauncherChunkInstaller
LogPluginManager: Mounting plugin AndroidDeviceProfileSelector
LogPluginManager: Mounting plugin AndroidMoviePlayer
LogPluginManager: Mounting plugin AndroidPermission
LogPluginManager: Mounting plugin AppleImageUtils
LogPluginManager: Mounting plugin AppleMoviePlayer
LogPluginManager: Mounting plugin ArchVisCharacter
LogPluginManager: Mounting plugin AssetTags
LogPluginManager: Mounting plugin AudioCapture
LogPluginManager: Mounting plugin CableComponent
LogPluginManager: Mounting plugin CustomMeshComponent
LogPluginManager: Mounting plugin EditableMesh
LogPluginManager: Mounting plugin ExampleDeviceProfileSelector
LogPluginManager: Mounting plugin GoogleCloudMessaging
LogPluginManager: Mounting plugin IOSDeviceProfileSelector
LogPluginManager: Mounting plugin LinuxDeviceProfileSelector
LogPluginManager: Mounting plugin LocationServicesBPLibrary
LogPluginManager: Mounting plugin MobilePatchingUtils
LogPluginManager: Mounting plugin OculusVR
LogPluginManager: Mounting plugin PhysXVehicles
LogPluginManager: Mounting plugin PostSplashScreen
LogPluginManager: Mounting plugin ProceduralMeshComponent
LogPluginManager: Mounting plugin RuntimePhysXCooking
LogPluginManager: Mounting plugin SignificanceManager
LogPluginManager: Mounting plugin SteamVR
LogPluginManager: Mounting plugin WebMMoviePlayer
LogPluginManager: Mounting plugin WindowsMoviePlayer
LogPluginManager: Mounting plugin ScreenshotTools
LogInit: Using libcurl 7.55.1-DEV
LogInit:  - built for x86_64-pc-win32
LogInit:  - supports SSL with OpenSSL/1.1.1
LogInit:  - supports HTTP deflate (compression) using libz 1.2.8
LogInit:  - other features:
LogInit:      CURL_VERSION_SSL
LogInit:      CURL_VERSION_LIBZ
LogInit:      CURL_VERSION_IPV6
LogInit:      CURL_VERSION_ASYNCHDNS
LogInit:      CURL_VERSION_LARGEFILE
LogInit:      CURL_VERSION_IDN
LogInit:  CurlRequestOptions (configurable via config and command line):
LogInit:  - bVerifyPeer = true  - Libcurl will verify peer certificate
LogInit:  - bUseHttpProxy = false  - Libcurl will NOT use HTTP proxy
LogInit:  - bDontReuseConnections = false  - Libcurl will reuse connections
LogInit:  - MaxHostConnections = 16  - Libcurl will limit the number of connections to a host
LogInit:  - LocalHostAddr = Default
LogInit:  - BufferSize = 65536
LogOnline: OSS: Creating online subsystem instance for: NULL
LogInit: WinSock: version 1.1 (2.2), MaxSocks=32767, MaxUdp=65467
LogOnline: OSS: TryLoadSubsystemAndSetDefault: Loaded subsystem for module [NULL]
LogInit: Build: ++UE4+Release-4.24-CL-11590370
LogInit: Engine Version: 4.24.3-11590370+++UE4+Release-4.24
LogInit: Compatible Engine Version: 4.24.0-10570792+++UE4+Release-4.24
LogInit: Net CL: 10570792
LogInit: OS: Windows 7 (Service Pack 1), CPU: AMD Phenom(tm) II X4 940 Processor, GPU: AMD Radeon HD 7900 Series
LogInit: Compiled (64-bit): Feb 24 2020 15:39:18
LogInit: Compiled with Visual C++: 19.16.27032.01
LogInit: Build Configuration: Development
LogInit: Branch Name: ++UE4+Release-4.24
LogInit: Command Line:  -EpicPortal -epicusername=DarkFantast -epicuserid=38529c4e54444273bae80fd942206f97 -epiclocale=ru
LogInit: Base Directory: F:/Program Files/Epic Games/UE_4.24/Engine/Binaries/Win64/
LogInit: Installed Engine Build: 1
LogDevObjectVersion: Number of dev versions registered: 25
LogDevObjectVersion:   Dev-Blueprints (B0D832E4-1F89-4F0D-ACCF-7EB736FD4AA2): 10
LogDevObjectVersion:   Dev-Build (E1C64328-A22C-4D53-A36C-8E866417BD8C): 0
LogDevObjectVersion:   Dev-Core (375EC13C-06E4-48FB-B500-84F0262A717E): 3
LogDevObjectVersion:   Dev-Editor (E4B068ED-F494-42E9-A231-DA0B2E46BB41): 37
LogDevObjectVersion:   Dev-Framework (CFFC743F-43B0-4480-9391-14DF171D2073): 36
LogDevObjectVersion:   Dev-Mobile (B02B49B5-BB20-44E9-A304-32B752E40360): 2
LogDevObjectVersion:   Dev-Networking (A4E4105C-59A1-49B5-A7C5-40C4547EDFEE): 0
LogDevObjectVersion:   Dev-Online (39C831C9-5AE6-47DC-9A44-9C173E1C8E7C): 0
LogDevObjectVersion:   Dev-Physics (78F01B33-EBEA-4F98-B9B4-84EACCB95AA2): 2
LogDevObjectVersion:   Dev-Platform (6631380F-2D4D-43E0-8009-CF276956A95A): 0
LogDevObjectVersion:   Dev-Rendering (12F88B9F-8875-4AFC-A67C-D90C383ABD29): 36
LogDevObjectVersion:   Dev-Sequencer (7B5AE74C-D270-4C10-A958-57980B212A5A): 11
LogDevObjectVersion:   Dev-VR (D7296918-1DD6-4BDD-9DE2-64A83CC13884): 2
LogDevObjectVersion:   Dev-LoadTimes (C2A15278-BFE7-4AFE-6C17-90FF531DF755): 1
LogDevObjectVersion:   Private-Geometry (6EACA3D4-40EC-4CC1-B786-8BED09428FC5): 3
LogDevObjectVersion:   Dev-AnimPhys (29E575DD-E0A3-4627-9D10-D276232CDCEA): 17
LogDevObjectVersion:   Dev-Anim (AF43A65D-7FD3-4947-9873-3E8ED9C1BB05): 2
LogDevObjectVersion:   Dev-ReflectionCapture (6B266CEC-1EC7-4B8F-A30B-E4D90942FC07): 1
LogDevObjectVersion:   Dev-Automation (0DF73D61-A23F-47EA-B727-89E90C41499A): 1
LogDevObjectVersion:   FortniteMain (601D1886-AC64-4F84-AA16-D3DE0DEAC7D6): 31
LogDevObjectVersion:   Dev-Enterprise (9DFFBCD6-494F-0158-E221-12823C92A888): 8
LogDevObjectVersion:   Dev-Niagara (F2AED0AC-9AFE-416F-8664-AA7FFA26D6FC): 1
LogDevObjectVersion:   Dev-Destruction (174F1F0B-B4C6-45A5-B13F-2EE8D0FB917D): 9
LogDevObjectVersion:   Dev-Physics-Ext (35F94A83-E258-406C-A318-09F59610247C): 8
LogDevObjectVersion:   Dev-CineCamera (B2E18506-4273-CFC2-A54E-F4BB758BBA07): 1
LogInit: Presizing for max 25165824 objects, including 0 objects not considered by GC, pre-allocating 0 bytes for permanent pool.
LogInit: Object subsystem initialized
LogConfig: Setting CVar [[con.DebugEarlyDefault:1]]
LogConfig: Setting CVar [[r.setres:1280x720]]
[2020.09.19-11.10.20:721][  0]LogConfig: Setting CVar [[r.VSync:0]]
[2020.09.19-11.10.20:721][  0]LogConfig: Setting CVar [[r.RHICmdBypass:0]]
[2020.09.19-11.10.20:721][  0]LogConfig: Applying CVar settings from Section [/Script/Engine.RendererSettings] File [F:/Ready Games Unity/forGitHub/HomeWork6/Hw_6/Saved/Config/Windows/Engine.ini]
[2020.09.19-11.10.20:721][  0]LogConfig: Setting CVar [[r.GPUCrashDebugging:0]]
[2020.09.19-11.10.20:721][  0]LogConfig: Applying CVar settings from Section [/Script/Engine.RendererOverrideSettings] File [F:/Ready Games Unity/forGitHub/HomeWork6/Hw_6/Saved/Config/Windows/Engine.ini]
[2020.09.19-11.10.20:721][  0]LogConfig: Applying CVar settings from Section [/Script/Engine.StreamingSettings] File [F:/Ready Games Unity/forGitHub/HomeWork6/Hw_6/Saved/Config/Windows/Engine.ini]
[2020.09.19-11.10.20:721][  0]LogConfig: Setting CVar [[s.MinBulkDataSizeForAsyncLoading:131072]]
[2020.09.19-11.10.20:721][  0]LogConfig: Setting CVar [[s.AsyncLoadingThreadEnabled:0]]
[2020.09.19-11.10.20:721][  0]LogConfig: Setting CVar [[s.EventDrivenLoaderEnabled:1]]
[2020.09.19-11.10.20:721][  0]LogConfig: Setting CVar [[s.WarnIfTimeLimitExceeded:0]]
[2020.09.19-11.10.20:721][  0]LogConfig: Setting CVar [[s.TimeLimitExceededMultiplier:1.5]]
[2020.09.19-11.10.20:721][  0]LogConfig: Setting CVar [[s.TimeLimitExceededMinTime:0.005]]
[2020.09.19-11.10.20:721][  0]LogConfig: Setting CVar [[s.UseBackgroundLevelStreaming:1]]
[2020.09.19-11.10.20:721][  0]LogConfig: Setting CVar [[s.PriorityAsyncLoadingExtraTime:15.0]]
[2020.09.19-11.10.20:722][  0]LogConfig: Setting CVar [[s.LevelStreamingActorsUpdateTimeLimit:5.0]]
[2020.09.19-11.10.20:722][  0]LogConfig: Setting CVar [[s.PriorityLevelStreamingActorsUpdateExtraTime:5.0]]
[2020.09.19-11.10.20:722][  0]LogConfig: Setting CVar [[s.LevelStreamingComponentsRegistrationGranularity:10]]
[2020.09.19-11.10.20:722][  0]LogConfig: Setting CVar [[s.UnregisterComponentsTimeLimit:1.0]]
[2020.09.19-11.10.20:722][  0]LogConfig: Setting CVar [[s.LevelStreamingComponentsUnregistrationGranularity:5]]
[2020.09.19-11.10.20:722][  0]LogConfig: Setting CVar [[s.FlushStreamingOnExit:1]]
[2020.09.19-11.10.20:722][  0]LogConfig: Applying CVar settings from Section [/Script/Engine.GarbageCollectionSettings] File [F:/Ready Games Unity/forGitHub/HomeWork6/Hw_6/Saved/Config/Windows/Engine.ini]
[2020.09.19-11.10.20:722][  0]LogConfig: Setting CVar [[gc.MaxObjectsNotConsideredByGC:1]]
[2020.09.19-11.10.20:722][  0]LogConfig: Setting CVar [[gc.SizeOfPermanentObjectPool:0]]
[2020.09.19-11.10.20:722][  0]LogConfig: Setting CVar [[gc.FlushStreamingOnGC:0]]
[2020.09.19-11.10.20:722][  0]LogConfig: Setting CVar [[gc.NumRetriesBeforeForcingGC:10]]
[2020.09.19-11.10.20:722][  0]LogConfig: Setting CVar [[gc.AllowParallelGC:1]]
[2020.09.19-11.10.20:722][  0]LogConfig: Setting CVar [[gc.TimeBetweenPurgingPendingKillObjects:61.1]]
[2020.09.19-11.10.20:722][  0]LogConfig: Setting CVar [[gc.MaxObjectsInEditor:25165824]]
[2020.09.19-11.10.20:722][  0]LogConfig: Setting CVar [[gc.IncrementalBeginDestroyEnabled:1]]
[2020.09.19-11.10.20:722][  0]LogConfig: Setting CVar [[gc.CreateGCClusters:1]]
[2020.09.19-11.10.20:722][  0]LogConfig: Setting CVar [[gc.MinGCClusterSize:5]]
[2020.09.19-11.10.20:722][  0]LogConfig: Setting CVar [[gc.ActorClusteringEnabled:0]]
[2020.09.19-11.10.20:722][  0]LogConfig: Setting CVar [[gc.BlueprintClusteringEnabled:0]]
[2020.09.19-11.10.20:722][  0]LogConfig: Setting CVar [[gc.UseDisregardForGCOnDedicatedServers:0]]
[2020.09.19-11.10.20:722][  0]LogConfig: Applying CVar settings from Section [/Script/Engine.NetworkSettings] File [F:/Ready Games Unity/forGitHub/HomeWork6/Hw_6/Saved/Config/Windows/Engine.ini]
[2020.09.19-11.10.20:722][  0]LogConfig: Applying CVar settings from Section [/Script/UnrealEd.CookerSettings] File [F:/Ready Games Unity/forGitHub/HomeWork6/Hw_6/Saved/Config/Windows/Engine.ini]
[2020.09.19-11.10.20:738][  0]LogConfig: Applying CVar settings from Section [ViewDistanceQuality@3] File [F:/Ready Games Unity/forGitHub/HomeWork6/Hw_6/Saved/Config/Windows/Scalability.ini]
[2020.09.19-11.10.20:738][  0]LogConfig: Setting CVar [[r.SkeletalMeshLODBias:0]]
[2020.09.19-11.10.20:739][  0]LogConfig: Setting CVar [[r.ViewDistanceScale:1.0]]
[2020.09.19-11.10.20:739][  0]LogConfig: Applying CVar settings from Section [AntiAliasingQuality@3] File [F:/Ready Games Unity/forGitHub/HomeWork6/Hw_6/Saved/Config/Windows/Scalability.ini]
[2020.09.19-11.10.20:739][  0]LogConfig: Setting CVar [[r.PostProcessAAQuality:4]]
[2020.09.19-11.10.20:739][  0]LogConfig: Applying CVar settings from Section [ShadowQuality@3] File [F:/Ready Games Unity/forGitHub/HomeWork6/Hw_6/Saved/Config/Windows/Scalability.ini]
[2020.09.19-11.10.20:739][  0]LogConfig: Setting CVar [[r.LightFunctionQuality:1]]
[2020.09.19-11.10.20:739][  0]LogConfig: Setting CVar [[r.ShadowQuality:5]]
[2020.09.19-11.10.20:739][  0]LogConfig: Setting CVar [[r.Shadow.CSM.MaxCascades:10]]
[2020.09.19-11.10.20:739][  0]LogConfig: Setting CVar [[r.Shadow.MaxResolution:2048]]
[2020.09.19-11.10.20:739][  0]LogConfig: Setting CVar [[r.Shadow.MaxCSMResolution:2048]]
[2020.09.19-11.10.20:739][  0]LogConfig: Setting CVar [[r.Shadow.RadiusThreshold:0.01]]
[2020.09.19-11.10.20:739][  0]LogConfig: Setting CVar [[r.Shadow.DistanceScale:1.0]]
[2020.09.19-11.10.20:739][  0]LogConfig: Setting CVar [[r.Shadow.CSM.TransitionScale:1.0]]
[2020.09.19-11.10.20:739][  0]LogConfig: Setting CVar [[r.Shadow.PreShadowResolutionFactor:1.0]]
[2020.09.19-11.10.20:739][  0]LogConfig: Setting CVar [[r.DistanceFieldShadowing:1]]
[2020.09.19-11.10.20:739][  0]LogConfig: Setting CVar [[r.DistanceFieldAO:1]]
[2020.09.19-11.10.20:739][  0]LogConfig: Setting CVar [[r.AOQuality:2]]
[2020.09.19-11.10.20:739][  0]LogConfig: Setting CVar [[r.VolumetricFog:1]]
[2020.09.19-11.10.20:739][  0]LogConfig: Setting CVar [[r.VolumetricFog.GridPixelSize:8]]
[2020.09.19-11.10.20:739][  0]LogConfig: Setting CVar [[r.VolumetricFog.GridSizeZ:128]]
[2020.09.19-11.10.20:739][  0]LogConfig: Setting CVar [[r.VolumetricFog.HistoryMissSupersampleCount:4]]
[2020.09.19-11.10.20:739][  0]LogConfig: Setting CVar [[r.LightMaxDrawDistanceScale:1]]
[2020.09.19-11.10.20:739][  0]LogConfig: Setting CVar [[r.CapsuleShadows:1]]
[2020.09.19-11.10.20:739][  0]LogConfig: Applying CVar settings from Section [PostProcessQuality@3] File [F:/Ready Games Unity/forGitHub/HomeWork6/Hw_6/Saved/Config/Windows/Scalability.ini]
[2020.09.19-11.10.20:739][  0]LogConfig: Setting CVar [[r.MotionBlurQuality:4]]
[2020.09.19-11.10.20:739][  0]LogConfig: Setting CVar [[r.AmbientOcclusionMipLevelFactor:0.4]]
[2020.09.19-11.10.20:739][  0]LogConfig: Setting CVar [[r.AmbientOcclusionMaxQuality:100]]
[2020.09.19-11.10.20:739][  0]LogConfig: Setting CVar [[r.AmbientOcclusionLevels:-1]]
[2020.09.19-11.10.20:739][  0]LogConfig: Setting CVar [[r.AmbientOcclusionRadiusScale:1.0]]
[2020.09.19-11.10.20:739][  0]LogConfig: Setting CVar [[r.DepthOfFieldQuality:2]]
[2020.09.19-11.10.20:739][  0]LogConfig: Setting CVar [[r.RenderTargetPoolMin:400]]
[2020.09.19-11.10.20:739][  0]LogConfig: Setting CVar [[r.LensFlareQuality:2]]
[2020.09.19-11.10.20:739][  0]LogConfig: Setting CVar [[r.SceneColorFringeQuality:1]]
[2020.09.19-11.10.20:739][  0]LogConfig: Setting CVar [[r.EyeAdaptationQuality:2]]
[2020.09.19-11.10.20:739][  0]LogConfig: Setting CVar [[r.BloomQuality:5]]
[2020.09.19-11.10.20:739][  0]LogConfig: Setting CVar [[r.FastBlurThreshold:100]]
[2020.09.19-11.10.20:739][  0]LogConfig: Setting CVar [[r.Upscale.Quality:3]]
[2020.09.19-11.10.20:739][  0]LogConfig: Setting CVar [[r.Tonemapper.GrainQuantization:1]]
[2020.09.19-11.10.20:739][  0]LogConfig: Setting CVar [[r.LightShaftQuality:1]]
[2020.09.19-11.10.20:739][  0]LogConfig: Setting CVar [[r.Filter.SizeScale:1]]
[2020.09.19-11.10.20:739][  0]LogConfig: Setting CVar [[r.Tonemapper.Quality:5]]
[2020.09.19-11.10.20:739][  0]LogConfig: Setting CVar [[r.DOF.Gather.AccumulatorQuality:1        ; higher gathering accumulator quality]]
[2020.09.19-11.10.20:739][  0]LogConfig: Setting CVar [[r.DOF.Gather.PostfilterMethod:1          ; Median3x3 postfilering method]]
[2020.09.19-11.10.20:739][  0]LogConfig: Setting CVar [[r.DOF.Gather.EnableBokehSettings:0       ; no bokeh simulation when gathering]]
[2020.09.19-11.10.20:739][  0]LogConfig: Setting CVar [[r.DOF.Gather.RingCount:4                 ; medium number of samples when gathering]]
[2020.09.19-11.10.20:739][  0]LogConfig: Setting CVar [[r.DOF.Scatter.ForegroundCompositing:1    ; additive foreground scattering]]
[2020.09.19-11.10.20:739][  0]LogConfig: Setting CVar [[r.DOF.Scatter.BackgroundCompositing:2    ; additive background scattering]]
[2020.09.19-11.10.20:739][  0]LogConfig: Setting CVar [[r.DOF.Scatter.EnableBokehSettings:1      ; bokeh simulation when scattering]]
[2020.09.19-11.10.20:739][  0]LogConfig: Setting CVar [[r.DOF.Scatter.MaxSpriteRatio:0.1         ; only a maximum of 10% of scattered bokeh]]
[2020.09.19-11.10.20:739][  0]LogConfig: Setting CVar [[r.DOF.Recombine.Quality:1                ; cheap slight out of focus]]
[2020.09.19-11.10.20:739][  0]LogConfig: Setting CVar [[r.DOF.Recombine.EnableBokehSettings:0    ; no bokeh simulation on slight out of focus]]
[2020.09.19-11.10.20:740][  0]LogConfig: Setting CVar [[r.DOF.TemporalAAQuality:1                ; more stable temporal accumulation]]
[2020.09.19-11.10.20:740][  0]LogConfig: Setting CVar [[r.DOF.Kernel.MaxForegroundRadius:0.025]]
[2020.09.19-11.10.20:740][  0]LogConfig: Setting CVar [[r.DOF.Kernel.MaxBackgroundRadius:0.025]]
[2020.09.19-11.10.20:740][  0]LogConfig: Applying CVar settings from Section [TextureQuality@3] File [F:/Ready Games Unity/forGitHub/HomeWork6/Hw_6/Saved/Config/Windows/Scalability.ini]
[2020.09.19-11.10.20:740][  0]LogConfig: Setting CVar [[r.Streaming.MipBias:0]]
[2020.09.19-11.10.20:740][  0]LogConfig: Setting CVar [[r.Streaming.AmortizeCPUToGPUCopy:0]]
[2020.09.19-11.10.20:740][  0]LogConfig: Setting CVar [[r.Streaming.MaxNumTexturesToStreamPerFrame:0]]
[2020.09.19-11.10.20:740][  0]LogConfig: Setting CVar [[r.Streaming.Boost:1]]
[2020.09.19-11.10.20:740][  0]LogConfig: Setting CVar [[r.MaxAnisotropy:8]]
[2020.09.19-11.10.20:740][  0]LogConfig: Setting CVar [[r.VT.MaxAnisotropy:8]]
[2020.09.19-11.10.20:740][  0]LogConfig: Setting CVar [[r.Streaming.LimitPoolSizeToVRAM:0]]
[2020.09.19-11.10.20:740][  0]LogConfig: Setting CVar [[r.Streaming.PoolSize:1000]]
[2020.09.19-11.10.20:740][  0]LogConfig: Setting CVar [[r.Streaming.MaxEffectiveScreenSize:0]]
[2020.09.19-11.10.20:740][  0]LogConfig: Applying CVar settings from Section [EffectsQuality@3] File [F:/Ready Games Unity/forGitHub/HomeWork6/Hw_6/Saved/Config/Windows/Scalability.ini]
[2020.09.19-11.10.20:740][  0]LogConfig: Setting CVar [[r.TranslucencyLightingVolumeDim:64]]
[2020.09.19-11.10.20:740][  0]LogConfig: Setting CVar [[r.RefractionQuality:2]]
[2020.09.19-11.10.20:740][  0]LogConfig: Setting CVar [[r.SSR.Quality:3]]
[2020.09.19-11.10.20:740][  0]LogConfig: Setting CVar [[r.SSR.HalfResSceneColor:0]]
[2020.09.19-11.10.20:740][  0]LogConfig: Setting CVar [[r.SceneColorFormat:4]]
[2020.09.19-11.10.20:740][  0]LogConfig: Setting CVar [[r.DetailMode:2]]
[2020.09.19-11.10.20:740][  0]LogConfig: Setting CVar [[r.TranslucencyVolumeBlur:1]]
[2020.09.19-11.10.20:740][  0]LogConfig: Setting CVar [[r.MaterialQualityLevel:1 ; High quality]]
[2020.09.19-11.10.20:740][  0]LogConfig: Setting CVar [[r.SSS.Scale:1]]
[2020.09.19-11.10.20:740][  0]LogConfig: Setting CVar [[r.SSS.SampleSet:2]]
[2020.09.19-11.10.20:740][  0]LogConfig: Setting CVar [[r.SSS.Quality:1]]
[2020.09.19-11.10.20:740][  0]LogConfig: Setting CVar [[r.SSS.HalfRes:1]]
[2020.09.19-11.10.20:740][  0]LogConfig: Setting CVar [[r.SSGI.Quality:3]]
[2020.09.19-11.10.20:740][  0]LogConfig: Setting CVar [[r.EmitterSpawnRateScale:1.0]]
[2020.09.19-11.10.20:740][  0]LogConfig: Setting CVar [[r.ParticleLightQuality:2]]
[2020.09.19-11.10.20:740][  0]LogConfig: Setting CVar [[r.SkyAtmosphere.AerialPerspectiveLUT.FastApplyOnOpaque:1 ; Always have FastSkyLUT 1 in this case to avoid wrong sky]]
[2020.09.19-11.10.20:740][  0]LogConfig: Setting CVar [[r.SkyAtmosphere.AerialPerspectiveLUT.SampleCountPerSlice:1]]
[2020.09.19-11.10.20:740][  0]LogConfig: Setting CVar [[r.SkyAtmosphere.AerialPerspectiveLUT.DepthResolution:16.0]]
[2020.09.19-11.10.20:740][  0]LogConfig: Setting CVar [[r.SkyAtmosphere.FastSkyLUT:1]]
[2020.09.19-11.10.20:740][  0]LogConfig: Setting CVar [[r.SkyAtmosphere.FastSkyLUT.SampleCountMin:4.0]]
[2020.09.19-11.10.20:740][  0]LogConfig: Setting CVar [[r.SkyAtmosphere.FastSkyLUT.SampleCountMax:32.0]]
[2020.09.19-11.10.20:740][  0]LogConfig: Setting CVar [[r.SkyAtmosphere.SampleCountMin:4.0]]
[2020.09.19-11.10.20:740][  0]LogConfig: Setting CVar [[r.SkyAtmosphere.SampleCountMax:32.0]]
[2020.09.19-11.10.20:740][  0]LogConfig: Setting CVar [[r.SkyAtmosphere.TransmittanceLUT.UseSmallFormat:0]]
[2020.09.19-11.10.20:740][  0]LogConfig: Setting CVar [[r.SkyAtmosphere.TransmittanceLUT.SampleCount:10.0]]
[2020.09.19-11.10.20:740][  0]LogConfig: Setting CVar [[r.SkyAtmosphere.MultiScatteringLUT.SampleCount:15.0]]
[2020.09.19-11.10.20:740][  0]LogConfig: Applying CVar settings from Section [FoliageQuality@3] File [F:/Ready Games Unity/forGitHub/HomeWork6/Hw_6/Saved/Config/Windows/Scalability.ini]
[2020.09.19-11.10.20:740][  0]LogConfig: Setting CVar [[foliage.DensityScale:1.0]]
[2020.09.19-11.10.20:740][  0]LogConfig: Setting CVar [[grass.DensityScale:1.0]]
[2020.09.19-11.10.20:740][  0]LogConfig: Applying CVar settings from Section [ShadingQuality@3] File [F:/Ready Games Unity/forGitHub/HomeWork6/Hw_6/Saved/Config/Windows/Scalability.ini]
[2020.09.19-11.10.20:740][  0]LogConfig: Setting CVar [[r.HairStrands.SkyLighting.SampleCount:16]]
[2020.09.19-11.10.20:740][  0]LogConfig: Setting CVar [[r.HairStrands.SkyLighting.JitterIntegration:0]]
[2020.09.19-11.10.20:740][  0]LogConfig: Setting CVar [[r.HairStrands.SkyAO.SampleCount:16]]
[2020.09.19-11.10.20:740][  0]LogInit: Selected Device Profile: [Windows]
[2020.09.19-11.10.20:740][  0]LogInit: Applying CVar settings loaded from the selected device profile: [Windows]
[2020.09.19-11.10.20:744][  0]LogHAL: Display: Platform has ~ 8 GB [8589467648 / 8589934592 / 8], which maps to Default [LargestMinGB=32, LargerMinGB=12, DefaultMinGB=8, SmallerMinGB=6, SmallestMinGB=0)
[2020.09.19-11.10.20:744][  0]LogInit: Going up to parent DeviceProfile []
[2020.09.19-11.10.20:744][  0]LogConfig: Applying CVar settings from Section [ViewDistanceQuality@1] File [F:/Ready Games Unity/forGitHub/HomeWork6/Hw_6/Saved/Config/Windows/Scalability.ini]
[2020.09.19-11.10.20:744][  0]LogConfig: Setting CVar [[r.SkeletalMeshLODBias:1]]
[2020.09.19-11.10.20:744][  0]LogConfig: Setting CVar [[r.ViewDistanceScale:0.6]]
[2020.09.19-11.10.20:744][  0]LogConfig: Applying CVar settings from Section [AntiAliasingQuality@1] File [F:/Ready Games Unity/forGitHub/HomeWork6/Hw_6/Saved/Config/Windows/Scalability.ini]
[2020.09.19-11.10.20:744][  0]LogConfig: Setting CVar [[r.PostProcessAAQuality:2]]
[2020.09.19-11.10.20:744][  0]LogConfig: Applying CVar settings from Section [ShadowQuality@1] File [F:/Ready Games Unity/forGitHub/HomeWork6/Hw_6/Saved/Config/Windows/Scalability.ini]
[2020.09.19-11.10.20:744][  0]LogConfig: Setting CVar [[r.LightFunctionQuality:1]]
[2020.09.19-11.10.20:744][  0]LogConfig: Setting CVar [[r.ShadowQuality:3]]
[2020.09.19-11.10.20:744][  0]LogConfig: Setting CVar [[r.Shadow.CSM.MaxCascades:1]]
[2020.09.19-11.10.20:744][  0]LogConfig: Setting CVar [[r.Shadow.MaxResolution:1024]]
[2020.09.19-11.10.20:744][  0]LogConfig: Setting CVar [[r.Shadow.MaxCSMResolution:1024]]
[2020.09.19-11.10.20:744][  0]LogConfig: Setting CVar [[r.Shadow.RadiusThreshold:0.05]]
[2020.09.19-11.10.20:744][  0]LogConfig: Setting CVar [[r.Shadow.DistanceScale:0.7]]
[2020.09.19-11.10.20:744][  0]LogConfig: Setting CVar [[r.Shadow.CSM.TransitionScale:0.25]]
[2020.09.19-11.10.20:744][  0]LogConfig: Setting CVar [[r.Shadow.PreShadowResolutionFactor:0.5]]
[2020.09.19-11.10.20:744][  0]LogConfig: Setting CVar [[r.DistanceFieldShadowing:0]]
[2020.09.19-11.10.20:745][  0]LogConfig: Setting CVar [[r.DistanceFieldAO:0]]
[2020.09.19-11.10.20:745][  0]LogConfig: Setting CVar [[r.VolumetricFog:0]]
[2020.09.19-11.10.20:745][  0]LogConfig: Setting CVar [[r.LightMaxDrawDistanceScale:.5]]
[2020.09.19-11.10.20:745][  0]LogConfig: Setting CVar [[r.CapsuleShadows:1]]
[2020.09.19-11.10.20:745][  0]LogConfig: Applying CVar settings from Section [PostProcessQuality@1] File [F:/Ready Games Unity/forGitHub/HomeWork6/Hw_6/Saved/Config/Windows/Scalability.ini]
[2020.09.19-11.10.20:745][  0]LogConfig: Setting CVar [[r.MotionBlurQuality:3]]
[2020.09.19-11.10.20:745][  0]LogConfig: Setting CVar [[r.AmbientOcclusionMipLevelFactor:1.0]]
[2020.09.19-11.10.20:745][  0]LogConfig: Setting CVar [[r.AmbientOcclusionMaxQuality:60]]
[2020.09.19-11.10.20:745][  0]LogConfig: Setting CVar [[r.AmbientOcclusionLevels:-1]]
[2020.09.19-11.10.20:745][  0]LogConfig: Setting CVar [[r.AmbientOcclusionRadiusScale:1.5]]
[2020.09.19-11.10.20:745][  0]LogConfig: Setting CVar [[r.DepthOfFieldQuality:1]]
[2020.09.19-11.10.20:745][  0]LogConfig: Setting CVar [[r.RenderTargetPoolMin:350]]
[2020.09.19-11.10.20:745][  0]LogConfig: Setting CVar [[r.LensFlareQuality:0]]
[2020.09.19-11.10.20:745][  0]LogConfig: Setting CVar [[r.SceneColorFringeQuality:0]]
[2020.09.19-11.10.20:745][  0]LogConfig: Setting CVar [[r.EyeAdaptationQuality:0]]
[2020.09.19-11.10.20:745][  0]LogConfig: Setting CVar [[r.BloomQuality:4]]
[2020.09.19-11.10.20:745][  0]LogConfig: Setting CVar [[r.FastBlurThreshold:2]]
[2020.09.19-11.10.20:745][  0]LogConfig: Setting CVar [[r.Upscale.Quality:2]]
[2020.09.19-11.10.20:745][  0]LogConfig: Setting CVar [[r.Tonemapper.GrainQuantization:0]]
[2020.09.19-11.10.20:745][  0]LogConfig: Setting CVar [[r.LightShaftQuality:0]]
[2020.09.19-11.10.20:745][  0]LogConfig: Setting CVar [[r.Filter.SizeScale:0.7]]
[2020.09.19-11.10.20:745][  0]LogConfig: Setting CVar [[r.Tonemapper.Quality:2]]
[2020.09.19-11.10.20:745][  0]LogConfig: Setting CVar [[r.DOF.Gather.AccumulatorQuality:0        ; lower gathering accumulator quality]]
[2020.09.19-11.10.20:745][  0]LogConfig: Setting CVar [[r.DOF.Gather.PostfilterMethod:2          ; Max3x3 postfilering method]]
[2020.09.19-11.10.20:745][  0]LogConfig: Setting CVar [[r.DOF.Gather.EnableBokehSettings:0       ; no bokeh simulation when gathering]]
[2020.09.19-11.10.20:745][  0]LogConfig: Setting CVar [[r.DOF.Gather.RingCount:3                 ; low number of samples when gathering]]
[2020.09.19-11.10.20:745][  0]LogConfig: Setting CVar [[r.DOF.Scatter.ForegroundCompositing:0    ; no foreground scattering]]
[2020.09.19-11.10.20:745][  0]LogConfig: Setting CVar [[r.DOF.Scatter.BackgroundCompositing:0    ; no foreground scattering]]
[2020.09.19-11.10.20:745][  0]LogConfig: Setting CVar [[r.DOF.Recombine.Quality:0                ; no slight out of focus]]
[2020.09.19-11.10.20:745][  0]LogConfig: Setting CVar [[r.DOF.TemporalAAQuality:0                ; faster temporal accumulation]]
[2020.09.19-11.10.20:745][  0]LogConfig: Setting CVar [[r.DOF.Kernel.MaxForegroundRadius:0.006   ; required because low gathering and no scattering and not looking great at 1080p]]
[2020.09.19-11.10.20:745][  0]LogConfig: Setting CVar [[r.DOF.Kernel.MaxBackgroundRadius:0.006   ; required because low gathering and no scattering and not looking great at 1080p]]
[2020.09.19-11.10.20:745][  0]LogConfig: Applying CVar settings from Section [TextureQuality@1] File [F:/Ready Games Unity/forGitHub/HomeWork6/Hw_6/Saved/Config/Windows/Scalability.ini]
[2020.09.19-11.10.20:745][  0]LogConfig: Setting CVar [[r.Streaming.MipBias:1]]
[2020.09.19-11.10.20:745][  0]LogConfig: Setting CVar [[r.Streaming.AmortizeCPUToGPUCopy:0]]
[2020.09.19-11.10.20:745][  0]LogConfig: Setting CVar [[r.Streaming.MaxNumTexturesToStreamPerFrame:0]]
[2020.09.19-11.10.20:745][  0]LogConfig: Setting CVar [[r.Streaming.Boost:1]]
[2020.09.19-11.10.20:745][  0]LogConfig: Setting CVar [[r.MaxAnisotropy:2]]
[2020.09.19-11.10.20:745][  0]LogConfig: Setting CVar [[r.VT.MaxAnisotropy:4]]
[2020.09.19-11.10.20:745][  0]LogConfig: Setting CVar [[r.Streaming.LimitPoolSizeToVRAM:1]]
[2020.09.19-11.10.20:745][  0]LogConfig: Setting CVar [[r.Streaming.PoolSize:600]]
[2020.09.19-11.10.20:745][  0]LogConfig: Setting CVar [[r.Streaming.MaxEffectiveScreenSize:0]]
[2020.09.19-11.10.20:745][  0]LogConfig: Applying CVar settings from Section [EffectsQuality@1] File [F:/Ready Games Unity/forGitHub/HomeWork6/Hw_6/Saved/Config/Windows/Scalability.ini]
[2020.09.19-11.10.20:745][  0]LogConfig: Setting CVar [[r.TranslucencyLightingVolumeDim:32]]
[2020.09.19-11.10.20:745][  0]LogConfig: Setting CVar [[r.RefractionQuality:0]]
[2020.09.19-11.10.20:745][  0]LogConfig: Setting CVar [[r.SSR.Quality:0]]
[2020.09.19-11.10.20:745][  0]LogConfig: Setting CVar [[r.SSR.HalfResSceneColor:1]]
[2020.09.19-11.10.20:745][  0]LogConfig: Setting CVar [[r.SceneColorFormat:3]]
[2020.09.19-11.10.20:745][  0]LogConfig: Setting CVar [[r.DetailMode:1]]
[2020.09.19-11.10.20:745][  0]LogConfig: Setting CVar [[r.TranslucencyVolumeBlur:0]]
[2020.09.19-11.10.20:745][  0]LogConfig: Setting CVar [[r.MaterialQualityLevel:2 ; Medium quality]]
[2020.09.19-11.10.20:746][  0]LogConfig: Setting CVar [[r.SSS.Scale:0.75]]
[2020.09.19-11.10.20:746][  0]LogConfig: Setting CVar [[r.SSS.SampleSet:0]]
[2020.09.19-11.10.20:746][  0]LogConfig: Setting CVar [[r.SSS.Quality:0]]
[2020.09.19-11.10.20:746][  0]LogConfig: Setting CVar [[r.SSS.HalfRes:1]]
[2020.09.19-11.10.20:746][  0]LogConfig: Setting CVar [[r.SSGI.Quality:1]]
[2020.09.19-11.10.20:746][  0]LogConfig: Setting CVar [[r.EmitterSpawnRateScale:0.25]]
[2020.09.19-11.10.20:746][  0]LogConfig: Setting CVar [[r.ParticleLightQuality:0]]
[2020.09.19-11.10.20:746][  0]LogConfig: Setting CVar [[r.SkyAtmosphere.AerialPerspectiveLUT.FastApplyOnOpaque:1 ; Always have FastSkyLUT 1 in this case to avoid wrong sky]]
[2020.09.19-11.10.20:746][  0]LogConfig: Setting CVar [[r.SkyAtmosphere.AerialPerspectiveLUT.SampleCountPerSlice:1]]
[2020.09.19-11.10.20:746][  0]LogConfig: Setting CVar [[r.SkyAtmosphere.AerialPerspectiveLUT.DepthResolution:16.0]]
[2020.09.19-11.10.20:746][  0]LogConfig: Setting CVar [[r.SkyAtmosphere.FastSkyLUT:1]]
[2020.09.19-11.10.20:746][  0]LogConfig: Setting CVar [[r.SkyAtmosphere.FastSkyLUT.SampleCountMin:4.0]]
[2020.09.19-11.10.20:746][  0]LogConfig: Setting CVar [[r.SkyAtmosphere.FastSkyLUT.SampleCountMax:32.0]]
[2020.09.19-11.10.20:746][  0]LogConfig: Setting CVar [[r.SkyAtmosphere.SampleCountMin:4.0]]
[2020.09.19-11.10.20:746][  0]LogConfig: Setting CVar [[r.SkyAtmosphere.SampleCountMax:32.0]]
[2020.09.19-11.10.20:746][  0]LogConfig: Setting CVar [[r.SkyAtmosphere.TransmittanceLUT.UseSmallFormat:0]]
[2020.09.19-11.10.20:746][  0]LogConfig: Setting CVar [[r.SkyAtmosphere.TransmittanceLUT.SampleCount:10.0]]
[2020.09.19-11.10.20:746][  0]LogConfig: Setting CVar [[r.SkyAtmosphere.MultiScatteringLUT.SampleCount:15.0]]
[2020.09.19-11.10.20:746][  0]LogConfig: Applying CVar settings from Section [FoliageQuality@1] File [F:/Ready Games Unity/forGitHub/HomeWork6/Hw_6/Saved/Config/Windows/Scalability.ini]
[2020.09.19-11.10.20:746][  0]LogConfig: Setting CVar [[foliage.DensityScale:0.4]]
[2020.09.19-11.10.20:746][  0]LogConfig: Setting CVar [[grass.DensityScale:0.4]]
[2020.09.19-11.10.20:746][  0]LogConfig: Applying CVar settings from Section [ShadingQuality@1] File [F:/Ready Games Unity/forGitHub/HomeWork6/Hw_6/Saved/Config/Windows/Scalability.ini]
[2020.09.19-11.10.20:746][  0]LogConfig: Setting CVar [[r.HairStrands.SkyLighting.SampleCount:16]]
[2020.09.19-11.10.20:746][  0]LogConfig: Setting CVar [[r.HairStrands.SkyLighting.JitterIntegration:0]]
[2020.09.19-11.10.20:746][  0]LogConfig: Setting CVar [[r.HairStrands.SkyAO.SampleCount:16]]
[2020.09.19-11.10.20:746][  0]LogConfig: Applying CVar settings from Section [Startup] File [../../../Engine/Config/ConsoleVariables.ini]
[2020.09.19-11.10.20:746][  0]LogConfig: Setting CVar [[net.UseAdaptiveNetUpdateFrequency:0]]
[2020.09.19-11.10.20:746][  0]LogConfig: Setting CVar [[p.chaos.AllowCreatePhysxBodies:1]]
[2020.09.19-11.10.20:746][  0]LogConfig: Applying CVar settings from Section [ConsoleVariables] File [F:/Ready Games Unity/forGitHub/HomeWork6/Hw_6/Saved/Config/Windows/Engine.ini]
[2020.09.19-11.10.20:747][  0]LogInit: Computer: WIN-UD8GML5BFHB
[2020.09.19-11.10.20:747][  0]LogInit: User: Алексей
[2020.09.19-11.10.20:747][  0]LogInit: CPU Page size=4096, Cores=4
[2020.09.19-11.10.20:747][  0]LogInit: High frequency timer resolution =2.943115 MHz
[2020.09.19-11.10.20:747][  0]LogMemory: Memory total: Physical=8.0GB (8GB approx)
[2020.09.19-11.10.20:747][  0]LogMemory: Platform Memory Stats for Windows
[2020.09.19-11.10.20:747][  0]LogMemory: Process Physical Memory: 104.13 MB used, 104.13 MB peak
[2020.09.19-11.10.20:747][  0]LogMemory: Process Virtual Memory: 103.42 MB used, 103.42 MB peak
[2020.09.19-11.10.20:747][  0]LogMemory: Physical Memory: 5648.98 MB used,  2542.57 MB free, 8191.55 MB total
[2020.09.19-11.10.20:747][  0]LogMemory: Virtual Memory: 1011.34 MB used,  8387596.50 MB free, 8388608.00 MB total
[2020.09.19-11.10.20:763][  0]LogWindows: WindowsPlatformFeatures enabled
[2020.09.19-11.10.20:784][  0]LogInit: Using OS detected language (ru-RU).
[2020.09.19-11.10.20:784][  0]LogInit: Using OS detected locale (ru-RU).
[2020.09.19-11.10.20:786][  0]LogTextLocalizationManager: No specific localization for 'ru-RU' exists, so the 'ru' localization will be used.
[2020.09.19-11.10.20:786][  0]LogTextLocalizationResource: LocRes '../../../Engine/Content/Localization/Editor/ru/Editor.locres' could not be opened for reading!
[2020.09.19-11.10.20:786][  0]LogTextLocalizationResource: LocRes '../../../Engine/Content/Localization/EditorTutorials/ru/EditorTutorials.locres' could not be opened for reading!
[2020.09.19-11.10.20:787][  0]LogTextLocalizationResource: LocRes '../../../Engine/Content/Localization/Keywords/ru/Keywords.locres' could not be opened for reading!
[2020.09.19-11.10.20:787][  0]LogTextLocalizationResource: LocRes '../../../Engine/Content/Localization/Category/ru/Category.locres' could not be opened for reading!
[2020.09.19-11.10.20:787][  0]LogTextLocalizationResource: LocRes '../../../Engine/Content/Localization/ToolTips/ru/ToolTips.locres' could not be opened for reading!
[2020.09.19-11.10.20:787][  0]LogTextLocalizationResource: LocRes '../../../Engine/Content/Localization/PropertyNames/ru/PropertyNames.locres' could not be opened for reading!
[2020.09.19-11.10.20:787][  0]LogTextLocalizationResource: LocRes '../../../Engine/Content/Localization/Engine/ru/Engine.locres' could not be opened for reading!
[2020.09.19-11.10.20:789][  0]LogWindows: Failed to load 'shcore.dll' (GetLastError=126)
[2020.09.19-11.10.20:789][  0]LogWindows: File 'shcore.dll' does not exist
[2020.09.19-11.10.20:789][  0]LogInit: Setting process to DPI aware
[2020.09.19-11.10.20:847][  0]LogSlate: New Slate User Created.  User Index 0, Is Virtual User: 0
[2020.09.19-11.10.20:847][  0]LogSlate: Slate User Registered.  User Index 0, Is Virtual User: 0
[2020.09.19-11.10.21:088][  0]LogHMD: Failed to initialize OpenVR with code 110
[2020.09.19-11.10.21:088][  0]LogD3D11RHI: D3D11 min allowed feature level: 11_0
[2020.09.19-11.10.21:088][  0]LogD3D11RHI: D3D11 max allowed feature level: 11_0
[2020.09.19-11.10.21:088][  0]LogD3D11RHI: D3D11 adapters:
[2020.09.19-11.10.21:103][  0]LogD3D11RHI:    0. 'AMD Radeon HD 7900 Series' (Feature Level 11_0)
[2020.09.19-11.10.21:103][  0]LogD3D11RHI:       3049/0/3839 MB DedicatedVideo/DedicatedSystem/SharedSystem, Outputs:2, VendorId:0x1002
[2020.09.19-11.10.21:103][  0]LogD3D11RHI: Chosen D3D11 Adapter: 0
[2020.09.19-11.10.21:111][  0]LogD3D11RHI: Creating new Direct3DDevice
[2020.09.19-11.10.21:111][  0]LogD3D11RHI:     GPU DeviceId: 0x679a (for the marketing name, search the web for "GPU Device Id")
[2020.09.19-11.10.21:111][  0]LogWindows: EnumDisplayDevices:
[2020.09.19-11.10.21:111][  0]LogWindows:    0. 'AMD Radeon HD 7900 Series' (P:1 D:1)
[2020.09.19-11.10.21:112][  0]LogWindows:    1. 'AMD Radeon HD 7900 Series' (P:0 D:1)
[2020.09.19-11.10.21:112][  0]LogWindows:    2. 'AMD Radeon HD 7900 Series' (P:0 D:0)
[2020.09.19-11.10.21:113][  0]LogWindows:    3. 'AMD Radeon HD 7900 Series' (P:0 D:0)
[2020.09.19-11.10.21:113][  0]LogWindows:    4. 'AMD Radeon HD 7900 Series' (P:0 D:0)
[2020.09.19-11.10.21:113][  0]LogWindows:    5. 'AMD Radeon HD 7900 Series' (P:0 D:0)
[2020.09.19-11.10.21:114][  0]LogWindows:    6. 'RDPDD Chained DD' (P:0 D:0)
[2020.09.19-11.10.21:114][  0]LogWindows:    7. 'RDP Encoder Mirror Driver' (P:0 D:0)
[2020.09.19-11.10.21:114][  0]LogWindows:    8. 'RDP Reflector Display Driver' (P:0 D:0)
[2020.09.19-11.10.21:114][  0]LogWindows: DebugString: GetVideoDriverDetailsInvalid PrimaryIsNotTheChoosenAdapter GetVideoDriverDetailsInvalid PrimaryIsNotTheChoosenAdapter GetVideoDriverDetailsInvalid PrimaryIsNotTheChoosenAdapter FoundDriverCount:6 
[2020.09.19-11.10.21:114][  0]LogD3D11RHI:     Adapter Name: AMD Radeon HD 7900 Series
[2020.09.19-11.10.21:114][  0]LogD3D11RHI:   Driver Version: Adrenalin 18.5.2 (internal:24.20.11019.1004, unified:24.20.11019.1004)
[2020.09.19-11.10.21:114][  0]LogD3D11RHI:      Driver Date: 5-29-2018
[2020.09.19-11.10.21:114][  0]LogRHI: Texture pool is 2134 MB (70% of 3049 MB)
[2020.09.19-11.10.21:178][  0]LogD3D11RHI: RHI does not have support for 64 bit atomics
[2020.09.19-11.10.21:179][  0]LogD3D11RHI: Async texture creation enabled
[2020.09.19-11.10.21:190][  0]LogD3D11RHI: GPU Timing Frequency: 27.000000 (Debug: 2 1)
[2020.09.19-11.10.21:853][  0]LogTargetPlatformManager: Display: Loaded TargetPlatform 'AllDesktop'
[2020.09.19-11.10.21:901][  0]LogTargetPlatformManager: Display: Loaded TargetPlatform 'Android'
[2020.09.19-11.10.21:901][  0]LogTargetPlatformManager: Display: Loaded TargetPlatform 'Android_ASTC'
[2020.09.19-11.10.21:901][  0]LogTargetPlatformManager: Display: Loaded TargetPlatform 'Android_ATC'
[2020.09.19-11.10.21:901][  0]LogTargetPlatformManager: Display: Loaded TargetPlatform 'Android_DXT'
[2020.09.19-11.10.21:901][  0]LogTargetPlatformManager: Display: Loaded TargetPlatform 'Android_ETC1'
[2020.09.19-11.10.21:901][  0]LogTargetPlatformManager: Display: Loaded TargetPlatform 'Android_ETC1a'
[2020.09.19-11.10.21:901][  0]LogTargetPlatformManager: Display: Loaded TargetPlatform 'Android_ETC2'
[2020.09.19-11.10.21:901][  0]LogTargetPlatformManager: Display: Loaded TargetPlatform 'Android_PVRTC'
[2020.09.19-11.10.21:901][  0]LogTargetPlatformManager: Display: Loaded TargetPlatform 'AndroidClient'
[2020.09.19-11.10.21:901][  0]LogTargetPlatformManager: Display: Loaded TargetPlatform 'Android_ASTCClient'
[2020.09.19-11.10.21:901][  0]LogTargetPlatformManager: Display: Loaded TargetPlatform 'Android_ATCClient'
[2020.09.19-11.10.21:901][  0]LogTargetPlatformManager: Display: Loaded TargetPlatform 'Android_DXTClient'
[2020.09.19-11.10.21:901][  0]LogTargetPlatformManager: Display: Loaded TargetPlatform 'Android_ETC1Client'
[2020.09.19-11.10.21:901][  0]LogTargetPlatformManager: Display: Loaded TargetPlatform 'Android_ETC1aClient'
[2020.09.19-11.10.21:901][  0]LogTargetPlatformManager: Display: Loaded TargetPlatform 'Android_ETC2Client'
[2020.09.19-11.10.21:901][  0]LogTargetPlatformManager: Display: Loaded TargetPlatform 'Android_PVRTCClient'
[2020.09.19-11.10.21:901][  0]LogTargetPlatformManager: Display: Loaded TargetPlatform 'Android_Multi'
[2020.09.19-11.10.21:901][  0]LogTargetPlatformManager: Display: Loaded TargetPlatform 'Android_MultiClient'
[2020.09.19-11.10.21:929][  0]LogTargetPlatformManager: Display: Loaded TargetPlatform 'IOSClient'
[2020.09.19-11.10.21:929][  0]LogTargetPlatformManager: Display: Loaded TargetPlatform 'IOS'
[2020.09.19-11.10.21:941][  0]LogTargetPlatformManager: Display: Loaded TargetPlatform 'LinuxNoEditor'
[2020.09.19-11.10.21:952][  0]LogTargetPlatformManager: Display: Loaded TargetPlatform 'LinuxClient'
[2020.09.19-11.10.21:962][  0]LogTargetPlatformManager: Display: Loaded TargetPlatform 'LinuxServer'
[2020.09.19-11.10.21:973][  0]LogTargetPlatformManager: Display: Loaded TargetPlatform 'LinuxAArch64NoEditor'
[2020.09.19-11.10.21:984][  0]LogTargetPlatformManager: Display: Loaded TargetPlatform 'LinuxAArch64Client'
[2020.09.19-11.10.21:995][  0]LogTargetPlatformManager: Display: Loaded TargetPlatform 'LinuxAArch64Server'
[2020.09.19-11.10.22:035][  0]LogTargetPlatformManager: Display: Loaded TargetPlatform 'Lumin'
[2020.09.19-11.10.22:035][  0]LogTargetPlatformManager: Display: Loaded TargetPlatform 'LuminClient'
[2020.09.19-11.10.22:056][  0]LogTargetPlatformManager: Display: Loaded TargetPlatform 'TVOSClient'
[2020.09.19-11.10.22:056][  0]LogTargetPlatformManager: Display: Loaded TargetPlatform 'TVOS'
[2020.09.19-11.10.22:067][  0]LogTargetPlatformManager: Display: Loaded TargetPlatform 'WindowsNoEditor'
[2020.09.19-11.10.22:079][  0]LogTargetPlatformManager: Display: Loaded TargetPlatform 'Windows'
[2020.09.19-11.10.22:090][  0]LogTargetPlatformManager: Display: Loaded TargetPlatform 'WindowsClient'
[2020.09.19-11.10.22:100][  0]LogTargetPlatformManager: Display: Loaded TargetPlatform 'WindowsServer'
[2020.09.19-11.10.22:100][  0]LogTargetPlatformManager: Display: Building Assets For Windows
[2020.09.19-11.10.22:104][  0]LogAudioDebug: Display: Lib vorbis DLL was dynamically loaded.
[2020.09.19-11.10.22:129][  0]LogShaderCompilers: Guid format shader working directory is -12 characters bigger than the processId version (../../../../../../Ready Games Unity/forGitHub/HomeWork6/Hw_6/Intermediate/Shaders/WorkingDirectory/7632/).
[2020.09.19-11.10.22:129][  0]LogShaderCompilers: Cleaned the shader compiler working directory 'C:/Users/Алексей/AppData/Local/Temp/UnrealShaderWorkingDir/28F08D20419A0CA2F28CEFB071C1B78E/'.
[2020.09.19-11.10.22:130][  0]LogXGEController: Cannot use XGE Controller as Incredibuild is not installed on this machine.
[2020.09.19-11.10.22:130][  0]LogShaderCompilers: Cannot use XGE Shader Compiler as Incredibuild is not installed on this machine.
[2020.09.19-11.10.22:130][  0]LogShaderCompilers: Display: Using Local Shader Compiler.
[2020.09.19-11.10.24:162][  0]LogDerivedDataCache: Display: Max Cache Size: 512 MB
[2020.09.19-11.10.24:292][  0]LogDerivedDataCache: Loaded boot cache 0.13s 78MB C:/Users/Алексей/AppData/Local/UnrealEngine/4.24/DerivedDataCache/Boot.ddc.
[2020.09.19-11.10.24:292][  0]LogDerivedDataCache: Display: Loaded Boot cache: C:/Users/Алексей/AppData/Local/UnrealEngine/4.24/DerivedDataCache/Boot.ddc
[2020.09.19-11.10.24:292][  0]LogDerivedDataCache: FDerivedDataBackendGraph:  Pak pak cache file ../../../../../../Ready Games Unity/forGitHub/HomeWork6/Hw_6/DerivedDataCache/DDC.ddp not found, will not use a pak cache.
[2020.09.19-11.10.24:292][  0]LogDerivedDataCache: Unable to find inner node Pak for hierarchical cache Hierarchy.
[2020.09.19-11.10.24:293][  0]LogDerivedDataCache: FDerivedDataBackendGraph:  CompressedPak pak cache file ../../../../../../Ready Games Unity/forGitHub/HomeWork6/Hw_6/DerivedDataCache/Compressed.ddp not found, will not use a pak cache.
[2020.09.19-11.10.24:293][  0]LogDerivedDataCache: Unable to find inner node CompressedPak for hierarchical cache Hierarchy.
[2020.09.19-11.10.24:307][  0]LogDerivedDataCache: Display: Pak cache opened for reading ../../../Engine/DerivedDataCache/Compressed.ddp.
[2020.09.19-11.10.24:307][  0]LogDerivedDataCache: FDerivedDataBackendGraph:  EnterprisePak pak cache file ../../../Enterprise/DerivedDataCache/Compressed.ddp not found, will not use a pak cache.
[2020.09.19-11.10.24:307][  0]LogDerivedDataCache: Unable to find inner node EnterprisePak for hierarchical cache Hierarchy.
[2020.09.19-11.10.24:309][  0]LogDerivedDataCache: Using Local data cache path C:/Users/Алексей/AppData/Local/UnrealEngine/Common/DerivedDataCache: Writable
[2020.09.19-11.10.24:309][  0]LogDerivedDataCache: Shared data cache path not found in *engine.ini, will not use an Shared cache.
[2020.09.19-11.10.24:309][  0]LogDerivedDataCache: Unable to find inner node Shared for hierarchical cache Hierarchy.
[2020.09.19-11.10.24:355][  0]LogMaterial: Verifying Global Shaders for PCD3D_SM5
[2020.09.19-11.10.24:359][  0]LogSlate: Using FreeType 2.10.0
[2020.09.19-11.10.24:360][  0]LogSlate: SlateFontServices - WITH_FREETYPE: 1, WITH_HARFBUZZ: 1
[2020.09.19-11.10.24:441][  0]LogAssetRegistry: FAssetRegistry took 0.0040 seconds to start up
[2020.09.19-11.10.24:926][  0]LogInit: Selected Device Profile: [Windows]
[2020.09.19-11.10.25:210][  0]LogMeshReduction: Using QuadricMeshReduction for automatic static mesh reduction
[2020.09.19-11.10.25:210][  0]LogMeshReduction: Using SimplygonMeshReduction for automatic skeletal mesh reduction
[2020.09.19-11.10.25:210][  0]LogMeshReduction: Using ProxyLODMeshReduction for automatic mesh merging
[2020.09.19-11.10.25:210][  0]LogMeshReduction: No distributed automatic mesh merging module available
[2020.09.19-11.10.25:210][  0]LogMeshMerging: No distributed automatic mesh merging module available
[2020.09.19-11.10.25:243][  0]LogNetVersion: Hw_6 1.0.0, NetCL: 10570792, EngineNetVer: 13, GameNetVer: 0 (Checksum: 3437889361)
[2020.09.19-11.10.27:243][  0]LogPackageLocalizationCache: Processed 10 localized package path(s) for 1 prioritized culture(s) in 0.189466 seconds
[2020.09.19-11.10.27:261][  0]LogUObjectArray: 46750 objects as part of root set at end of initial load.
[2020.09.19-11.10.27:261][  0]LogUObjectAllocator: 8137160 out of 0 bytes used by permanent object pool.
[2020.09.19-11.10.27:261][  0]LogUObjectArray: CloseDisregardForGC: 0/0 objects in disregard for GC pool
[2020.09.19-11.10.28:087][  0]LogTcpMessaging: Initializing TcpMessaging bridge
[2020.09.19-11.10.28:392][  0]LogUdpMessaging: Initializing bridge on interface 0.0.0.0:0 to multicast group 230.0.0.1:6666.
[2020.09.19-11.10.28:599][  0]SourceControl: Source control is disabled
[2020.09.19-11.10.28:599][  0]SourceControl: Source control is disabled
[2020.09.19-11.10.28:602][  0]SourceControl: Source control is disabled
[2020.09.19-11.10.28:603][  0]SourceControl: Source control is disabled
[2020.09.19-11.10.28:604][  0]SourceControl: Source control is disabled
[2020.09.19-11.10.28:809][  0]LogAndroidPermission: UAndroidPermissionCallbackProxy::GetInstance
[2020.09.19-11.10.28:831][  0]LogAudioCaptureCore: Display: No Audio Capture implementations found. Audio input will be silent.
[2020.09.19-11.10.28:831][  0]LogAudioCaptureCore: Display: No Audio Capture implementations found. Audio input will be silent.
[2020.09.19-11.10.29:014][  0]LogOcInput: OculusInput pre-init called
[2020.09.19-11.10.29:025][  0]LogWindows: Failed to load 'OVRPlugin.dll' (GetLastError=126)
[2020.09.19-11.10.29:025][  0]LogWindows: File 'OVRPlugin.dll' does not exist
[2020.09.19-11.10.29:169][  0]LogEngine: Initializing Engine...
[2020.09.19-11.10.29:170][  0]LogHMD: Failed to initialize OpenVR with code 110
[2020.09.19-11.10.29:172][  0]LogStats: UGameplayTagsManager::InitializeManager -  0.000 s
[2020.09.19-11.10.29:859][  0]LogInit: Initializing FReadOnlyCVARCache
[2020.09.19-11.10.29:876][  0]LogAIModule: Creating AISystem for world Untitled
[2020.09.19-11.10.29:910][  0]LogAudioMixer: Display: Audio Mixer Platform Settings:
[2020.09.19-11.10.29:910][  0]LogAudioMixer: Display: 	Sample Rate:						  48000
[2020.09.19-11.10.29:910][  0]LogAudioMixer: Display: 	Callback Buffer Frame Size Requested: 1024
[2020.09.19-11.10.29:910][  0]LogAudioMixer: Display: 	Callback Buffer Frame Size To Use:	  1024
[2020.09.19-11.10.29:910][  0]LogAudioMixer: Display: 	Number of buffers to queue:			  2
[2020.09.19-11.10.29:910][  0]LogAudioMixer: Display: 	Max Channels (voices):				  32
[2020.09.19-11.10.29:910][  0]LogAudioMixer: Display: 	Number of Async Source Workers:		  0
[2020.09.19-11.10.29:910][  0]LogAudio: Display: AudioDevice MaxSources: 32
[2020.09.19-11.10.29:911][  0]LogAudio: Display: Using built-in audio occlusion.
[2020.09.19-11.10.29:911][  0]LogAudioMixer: Display: Initializing audio mixer.
[2020.09.19-11.10.29:940][  0]LogAudioMixer: Display: Audio Device Output Speaker Info:
[2020.09.19-11.10.29:941][  0]LogAudioMixer: Display: Name: Динамики (Realtek High Definition Audio)
[2020.09.19-11.10.29:941][  0]LogAudioMixer: Display: Is Default: Yes
[2020.09.19-11.10.29:941][  0]LogAudioMixer: Display: Sample Rate: 48000
[2020.09.19-11.10.29:941][  0]LogAudioMixer: Display: Channel Count Used: 2
[2020.09.19-11.10.29:941][  0]LogAudioMixer: Display: Device Channel Count: 2
[2020.09.19-11.10.29:941][  0]LogAudioMixer: Display: Channel Order:
[2020.09.19-11.10.29:941][  0]LogAudioMixer: Display: 0: FrontLeft
[2020.09.19-11.10.29:941][  0]LogAudioMixer: Display: 1: FrontRight
[2020.09.19-11.10.29:995][  0]LogAudioMixer: Display: Using Audio Device Динамики (Realtek High Definition Audio)
[2020.09.19-11.10.30:007][  0]LogInit: FAudioDevice initialized.
[2020.09.19-11.10.30:008][  0]LogNetVersion: Set ProjectVersion to 1.0.0.0. Version Checksum will be recalculated on next use.
[2020.09.19-11.10.30:281][  0]LogDerivedDataCache: Saved boot cache 0.27s 78MB C:/Users/Алексей/AppData/Local/UnrealEngine/4.24/DerivedDataCache/Boot.ddc.
[2020.09.19-11.10.30:282][  0]LogInit: Texture streaming: Enabled
[2020.09.19-11.10.30:308][  0]LogEngineSessionManager: EngineSessionManager initialized
[2020.09.19-11.10.30:308][  0]LogEditorSessionSummary: Verbose: Initializing EditorSessionSummaryWriter for editor session tracking
[2020.09.19-11.10.30:315][  0]LogEditorSessionSummary: EditorSessionSummaryWriter initialized
[2020.09.19-11.10.30:333][  0]LogInit: Transaction tracking system initialized
[2020.09.19-11.10.30:349][  0]BlueprintLog: New page: Editor Load
[2020.09.19-11.10.30:469][  0]LocalizationService: Localization service is disabled
[2020.09.19-11.10.30:947][  0]LogLinker: Warning: Failed to load '/Game/2DSideScrollerBP/2DSideScrollerOverview': Can't find file.
[2020.09.19-11.10.30:947][  0]LogLinker: Warning: Failed to load '/Game/2DSideScrollerBP/2DSideScrollerOverview': Can't find file.
[2020.09.19-11.10.30:947][  0]LogUObjectGlobals: Warning: Failed to find object 'Class /Game/2DSideScrollerBP/2DSideScrollerOverview.2DSideScrollerOverview_C'
[2020.09.19-11.10.32:985][  0]LogFileCache: Scanning file cache for directory 'F:/Ready Games Unity/forGitHub/HomeWork6/Hw_6/Content/' took 0.00s
[2020.09.19-11.10.32:986][  0]LogCook: Display: Max memory allowance for cook 16384mb min free memory 0mb
[2020.09.19-11.10.32:986][  0]LogCook: Display: Mobile HDR setting 1
[2020.09.19-11.10.34:055][  0]SourceControl: Source control is disabled
[2020.09.19-11.10.34:055][  0]Cmd: MAP LOAD FILE="../../../Engine/Content/Maps/Templates/Template_Default.umap" TEMPLATE=1 SHOWPROGRESS=1 FEATURELEVEL=3
[2020.09.19-11.10.34:055][  0]LightingResults: New page: Lighting Build
[2020.09.19-11.10.34:056][  0]LogWorld: UWorld::CleanupWorld for Untitled, bSessionEnded=true, bCleanupResources=true
[2020.09.19-11.10.34:056][  0]LogSlate: InvalidateAllWidgets triggered.  All widgets were invalidated
[2020.09.19-11.10.34:057][  0]MapCheck: New page: Map Check
[2020.09.19-11.10.34:057][  0]LightingResults: New page: Lighting Build
[2020.09.19-11.10.34:108][  0]LogUObjectHash: Compacting FUObjectHashTables data took   3.74ms
[2020.09.19-11.10.34:253][  0]LogAIModule: Creating AISystem for world Untitled_1
[2020.09.19-11.10.34:260][  0]LogEditorServer: Finished looking for orphan Actors (0.000 secs)
[2020.09.19-11.10.34:312][  0]LogUObjectHash: Compacting FUObjectHashTables data took   4.36ms
[2020.09.19-11.10.34:312][  0]Cmd: MAP CHECKDEP NOCLEARLOG
[2020.09.19-11.10.34:313][  0]MapCheck: Map check complete: 0 Error(s), 0 Warning(s), took 0,149ms to complete.
[2020.09.19-11.10.34:313][  0]LogFileHelpers: Loading map 'Template_Default' took 0.258
[2020.09.19-11.10.35:001][  0]LogSlate: Updating window title bar state: overlay mode, drag disabled, window buttons hidden, title bar hidden
[2020.09.19-11.10.35:029][  0]LogSlate: Updating window title bar state: overlay mode, drag disabled, window buttons hidden, title bar hidden
[2020.09.19-11.10.35:041][  0]LogSlate: Updating window title bar state: overlay mode, drag disabled, window buttons hidden, title bar hidden
[2020.09.19-11.10.35:052][  0]LogSlate: Updating window title bar state: overlay mode, drag disabled, window buttons hidden, title bar hidden
[2020.09.19-11.10.35:104][  0]LogCollectionManager: Loaded 0 collections in 0.003461 seconds
[2020.09.19-11.10.35:260][  0]LogFileCache: Scanning file cache for directory 'F:/Ready Games Unity/forGitHub/HomeWork6/Hw_6/Saved/Collections/' took 0.00s
[2020.09.19-11.10.35:260][  0]LogFileCache: Scanning file cache for directory 'F:/Ready Games Unity/forGitHub/HomeWork6/Hw_6/Content/Developers/Алексей/Collections/' took 0.00s
[2020.09.19-11.10.35:260][  0]LogFileCache: Scanning file cache for directory 'F:/Ready Games Unity/forGitHub/HomeWork6/Hw_6/Content/Collections/' took 0.00s
[2020.09.19-11.10.35:260][  0]LogContentBrowser: Native class hierarchy populated in 0.0151 seconds. Added 3017 classes and 720 folders.
[2020.09.19-11.10.35:273][  0]LogContentBrowser: Native class hierarchy updated for 'WidgetCarousel' in 0.0004 seconds. Added 0 classes and 0 folders.
[2020.09.19-11.10.35:401][  0]LogContentBrowser: Native class hierarchy updated for 'AddContentDialog' in 0.0004 seconds. Added 0 classes and 0 folders.
[2020.09.19-11.10.36:209][  0]LogSlate: Took 0.000303 seconds to synchronously load lazily loaded font '../../../Engine/Content/Slate/Fonts/Roboto-Regular.ttf' (155K)
[2020.09.19-11.10.36:215][  0]LogSlate: Took 0.000317 seconds to synchronously load lazily loaded font '../../../Engine/Content/Slate/Fonts/Roboto-Bold.ttf' (160K)
[2020.09.19-11.10.36:244][  0]LogSlate: Took 0.009509 seconds to synchronously load lazily loaded font '../../../Engine/Content/Editor/Slate/Fonts/FontAwesome.ttf' (139K)
[2020.09.19-11.10.36:595][  0]LogRenderer: Reallocating scene render targets to support 1116x560 Format 9 NumSamples 1 (Frame:1).
[2020.09.19-11.10.37:127][  0]LogContentBrowser: Native class hierarchy updated for 'HierarchicalLODOutliner' in 0.0005 seconds. Added 0 classes and 0 folders.
[2020.09.19-11.10.37:127][  0]LogLoad: (Engine Initialization) Total time: 19.52 seconds
[2020.09.19-11.10.37:128][  0]LogLoad: (Engine Initialization) Total Blueprint compile time: 0.00 seconds
[2020.09.19-11.10.37:225][  0]LogContentStreaming: Texture pool size now 600 MB
[2020.09.19-11.10.37:301][  1]LogAssetRegistry: Asset discovery search completed in 12.8607 seconds
[2020.09.19-11.10.37:307][  1]LogCollectionManager: Fixed up redirectors for 0 collections in 0.000010 seconds (updated 0 objects)
[2020.09.19-11.13.36:608][634]Cmd: DELETE
[2020.09.19-11.13.36:608][634]Cmd: ACTOR DELETE
[2020.09.19-11.13.36:747][634]LogEditorActor: Deleted Actor: PlayerStart
[2020.09.19-11.13.36:798][634]LogUObjectHash: Compacting FUObjectHashTables data took   1.35ms
[2020.09.19-11.13.36:800][634]LogEditorActor: Deleted 1 Actors (0.121 secs)
[2020.09.19-11.13.41:225][814]LogSlate: Took 0.000362 seconds to synchronously load lazily loaded font '../../../Engine/Content/Slate/Fonts/Roboto-Light.ttf' (167K)
[2020.09.19-11.13.42:639][814]LogSlate: Window 'Pick Parent Class' being destroyed
[2020.09.19-11.13.42:752][814]LogSlate: Took 0.000338 seconds to synchronously load lazily loaded font '../../../Engine/Content/Slate/Fonts/Roboto-Light.ttf' (167K)
[2020.09.19-11.13.44:266][880]LogWindowsTextInputMethodSystem: Display: IME system now deactivated.
[2020.09.19-11.13.51:283][175]LogAssetEditorSubsystem: Opening Asset editor for Blueprint /Game/BP_Wall.BP_Wall
[2020.09.19-11.13.51:792][175]LogContentBrowser: Native class hierarchy updated for 'BlueprintGraph' in 0.0009 seconds. Added 121 classes and 0 folders.
[2020.09.19-11.13.54:122][175]LogRenderer: Reallocating scene render targets to support 1144x712 Format 9 NumSamples 1 (Frame:1).
[2020.09.19-11.13.55:238][232]LogSlate: Took 0.020739 seconds to synchronously load lazily loaded font '../../../Engine/Content/Slate/Fonts/Roboto-Italic.ttf' (157K)
[2020.09.19-11.14.13:319][795]LogPhysics: Warning: Scale for /Engine/Transient.World_0:PersistentLevel.BP_Wall_C_0.Cube has a component set to zero, which will result in a bad body instance. Scale:X=0.000 Y=1.000 Z=1.000
[2020.09.19-11.14.13:320][795]LogPhysics: Warning: Scale for /Engine/Transient.World_0:PersistentLevel.BP_Wall_C_0.Cube has a component set to zero, which will result in a bad body instance. Scale:X=0.000 Y=1.000 Z=1.000
[2020.09.19-11.14.13:350][796]LogPhysics: Warning: Scale for /Engine/Transient.World_0:PersistentLevel.BP_Wall_C_0.Cube has a component set to zero, which will result in a bad body instance. Scale:X=0.000 Y=1.000 Z=1.000
[2020.09.19-11.14.13:350][796]LogPhysics: Warning: Scale for /Engine/Transient.World_0:PersistentLevel.BP_Wall_C_0.Cube has a component set to zero, which will result in a bad body instance. Scale:X=0.000 Y=1.000 Z=1.000
[2020.09.19-11.14.13:350][796]LogPhysics: Warning: Scale for /Engine/Transient.World_0:PersistentLevel.BP_Wall_C_0.Cube has a component set to zero, which will result in a bad body instance. Scale:X=0.000 Y=1.000 Z=1.000
[2020.09.19-11.14.13:381][797]LogPhysics: Warning: Scale for /Engine/Transient.World_0:PersistentLevel.BP_Wall_C_0.Cube has a component set to zero, which will result in a bad body instance. Scale:X=0.000 Y=1.000 Z=1.000
[2020.09.19-11.14.13:381][797]LogPhysics: Warning: Scale for /Engine/Transient.World_0:PersistentLevel.BP_Wall_C_0.Cube has a component set to zero, which will result in a bad body instance. Scale:X=0.000 Y=1.000 Z=1.000
[2020.09.19-11.14.13:382][797]LogPhysics: Warning: Scale for /Engine/Transient.World_0:PersistentLevel.BP_Wall_C_0.Cube has a component set to zero, which will result in a bad body instance. Scale:X=0.000 Y=1.000 Z=1.000
[2020.09.19-11.14.13:411][798]LogPhysics: Warning: Scale for /Engine/Transient.World_0:PersistentLevel.BP_Wall_C_0.Cube has a component set to zero, which will result in a bad body instance. Scale:X=0.000 Y=1.000 Z=1.000
[2020.09.19-11.14.13:411][798]LogPhysics: Warning: Scale for /Engine/Transient.World_0:PersistentLevel.BP_Wall_C_0.Cube has a component set to zero, which will result in a bad body instance. Scale:X=0.000 Y=1.000 Z=1.000
[2020.09.19-11.14.13:412][798]LogPhysics: Warning: Scale for /Engine/Transient.World_0:PersistentLevel.BP_Wall_C_0.Cube has a component set to zero, which will result in a bad body instance. Scale:X=0.000 Y=1.000 Z=1.000
[2020.09.19-11.14.13:444][799]LogPhysics: Warning: Scale for /Engine/Transient.World_0:PersistentLevel.BP_Wall_C_0.Cube has a component set to zero, which will result in a bad body instance. Scale:X=0.000 Y=1.000 Z=1.000
[2020.09.19-11.14.13:445][799]LogPhysics: Warning: Scale for /Engine/Transient.World_0:PersistentLevel.BP_Wall_C_0.Cube has a component set to zero, which will result in a bad body instance. Scale:X=0.000 Y=1.000 Z=1.000
[2020.09.19-11.14.13:445][799]LogPhysics: Warning: Scale for /Engine/Transient.World_0:PersistentLevel.BP_Wall_C_0.Cube has a component set to zero, which will result in a bad body instance. Scale:X=0.000 Y=1.000 Z=1.000
[2020.09.19-11.14.13:473][800]LogPhysics: Warning: Scale for /Engine/Transient.World_0:PersistentLevel.BP_Wall_C_0.Cube has a component set to zero, which will result in a bad body instance. Scale:X=0.000 Y=1.000 Z=1.000
[2020.09.19-11.14.13:474][800]LogPhysics: Warning: Scale for /Engine/Transient.World_0:PersistentLevel.BP_Wall_C_0.Cube has a component set to zero, which will result in a bad body instance. Scale:X=0.000 Y=1.000 Z=1.000
[2020.09.19-11.14.13:474][800]LogPhysics: Warning: Scale for /Engine/Transient.World_0:PersistentLevel.BP_Wall_C_0.Cube has a component set to zero, which will result in a bad body instance. Scale:X=0.000 Y=1.000 Z=1.000
[2020.09.19-11.14.13:502][801]LogPhysics: Warning: Scale for /Engine/Transient.World_0:PersistentLevel.BP_Wall_C_0.Cube has a component set to zero, which will result in a bad body instance. Scale:X=0.000 Y=1.000 Z=1.000
[2020.09.19-11.14.13:503][801]LogPhysics: Warning: Scale for /Engine/Transient.World_0:PersistentLevel.BP_Wall_C_0.Cube has a component set to zero, which will result in a bad body instance. Scale:X=0.000 Y=1.000 Z=1.000
[2020.09.19-11.14.13:503][801]LogPhysics: Warning: Scale for /Engine/Transient.World_0:PersistentLevel.BP_Wall_C_0.Cube has a component set to zero, which will result in a bad body instance. Scale:X=0.000 Y=1.000 Z=1.000
[2020.09.19-11.14.13:529][802]LogPhysics: Warning: Scale for /Engine/Transient.World_0:PersistentLevel.BP_Wall_C_0.Cube has a component set to zero, which will result in a bad body instance. Scale:X=0.000 Y=1.000 Z=1.000
[2020.09.19-11.14.13:530][802]LogPhysics: Warning: Scale for /Engine/Transient.World_0:PersistentLevel.BP_Wall_C_0.Cube has a component set to zero, which will result in a bad body instance. Scale:X=0.000 Y=1.000 Z=1.000
[2020.09.19-11.14.13:530][802]LogPhysics: Warning: Scale for /Engine/Transient.World_0:PersistentLevel.BP_Wall_C_0.Cube has a component set to zero, which will result in a bad body instance. Scale:X=0.000 Y=1.000 Z=1.000
[2020.09.19-11.14.13:559][803]LogPhysics: Warning: Scale for /Engine/Transient.World_0:PersistentLevel.BP_Wall_C_0.Cube has a component set to zero, which will result in a bad body instance. Scale:X=0.000 Y=1.000 Z=1.000
[2020.09.19-11.14.13:560][803]LogPhysics: Warning: Scale for /Engine/Transient.World_0:PersistentLevel.BP_Wall_C_0.Cube has a component set to zero, which will result in a bad body instance. Scale:X=0.000 Y=1.000 Z=1.000
[2020.09.19-11.14.13:560][803]LogPhysics: Warning: Scale for /Engine/Transient.World_0:PersistentLevel.BP_Wall_C_0.Cube has a component set to zero, which will result in a bad body instance. Scale:X=0.000 Y=1.000 Z=1.000
[2020.09.19-11.14.13:592][804]LogPhysics: Warning: Scale for /Engine/Transient.World_0:PersistentLevel.BP_Wall_C_0.Cube has a component set to zero, which will result in a bad body instance. Scale:X=0.000 Y=1.000 Z=1.000
[2020.09.19-11.14.13:593][804]LogPhysics: Warning: Scale for /Engine/Transient.World_0:PersistentLevel.BP_Wall_C_0.Cube has a component set to zero, which will result in a bad body instance. Scale:X=0.000 Y=1.000 Z=1.000
[2020.09.19-11.14.13:593][804]LogPhysics: Warning: Scale for /Engine/Transient.World_0:PersistentLevel.BP_Wall_C_0.Cube has a component set to zero, which will result in a bad body instance. Scale:X=0.000 Y=1.000 Z=1.000
[2020.09.19-11.14.13:622][805]LogPhysics: Warning: Scale for /Engine/Transient.World_0:PersistentLevel.BP_Wall_C_0.Cube has a component set to zero, which will result in a bad body instance. Scale:X=0.000 Y=1.000 Z=1.000
[2020.09.19-11.14.13:623][805]LogPhysics: Warning: Scale for /Engine/Transient.World_0:PersistentLevel.BP_Wall_C_0.Cube has a component set to zero, which will result in a bad body instance. Scale:X=0.000 Y=1.000 Z=1.000
[2020.09.19-11.14.13:623][805]LogPhysics: Warning: Scale for /Engine/Transient.World_0:PersistentLevel.BP_Wall_C_0.Cube has a component set to zero, which will result in a bad body instance. Scale:X=0.000 Y=1.000 Z=1.000
[2020.09.19-11.14.13:655][806]LogPhysics: Warning: Scale for /Engine/Transient.World_0:PersistentLevel.BP_Wall_C_0.Cube has a component set to zero, which will result in a bad body instance. Scale:X=0.000 Y=1.000 Z=1.000
[2020.09.19-11.14.13:655][806]LogPhysics: Warning: Scale for /Engine/Transient.World_0:PersistentLevel.BP_Wall_C_0.Cube has a component set to zero, which will result in a bad body instance. Scale:X=0.000 Y=1.000 Z=1.000
[2020.09.19-11.14.13:655][806]LogPhysics: Warning: Scale for /Engine/Transient.World_0:PersistentLevel.BP_Wall_C_0.Cube has a component set to zero, which will result in a bad body instance. Scale:X=0.000 Y=1.000 Z=1.000
[2020.09.19-11.14.13:685][807]LogPhysics: Warning: Scale for /Engine/Transient.World_0:PersistentLevel.BP_Wall_C_0.Cube has a component set to zero, which will result in a bad body instance. Scale:X=0.000 Y=1.000 Z=1.000
[2020.09.19-11.14.13:686][807]LogPhysics: Warning: Scale for /Engine/Transient.World_0:PersistentLevel.BP_Wall_C_0.Cube has a component set to zero, which will result in a bad body instance. Scale:X=0.000 Y=1.000 Z=1.000
[2020.09.19-11.14.13:686][807]LogPhysics: Warning: Scale for /Engine/Transient.World_0:PersistentLevel.BP_Wall_C_0.Cube has a component set to zero, which will result in a bad body instance. Scale:X=0.000 Y=1.000 Z=1.000
[2020.09.19-11.14.13:718][808]LogPhysics: Warning: Scale for /Engine/Transient.World_0:PersistentLevel.BP_Wall_C_0.Cube has a component set to zero, which will result in a bad body instance. Scale:X=0.000 Y=1.000 Z=1.000
[2020.09.19-11.14.13:718][808]LogPhysics: Warning: Scale for /Engine/Transient.World_0:PersistentLevel.BP_Wall_C_0.Cube has a component set to zero, which will result in a bad body instance. Scale:X=0.000 Y=1.000 Z=1.000
[2020.09.19-11.14.13:719][808]LogPhysics: Warning: Scale for /Engine/Transient.World_0:PersistentLevel.BP_Wall_C_0.Cube has a component set to zero, which will result in a bad body instance. Scale:X=0.000 Y=1.000 Z=1.000
[2020.09.19-11.14.13:745][809]LogPhysics: Warning: Scale for /Engine/Transient.World_0:PersistentLevel.BP_Wall_C_0.Cube has a component set to zero, which will result in a bad body instance. Scale:X=0.000 Y=1.000 Z=1.000
[2020.09.19-11.14.13:746][809]LogPhysics: Warning: Scale for /Engine/Transient.World_0:PersistentLevel.BP_Wall_C_0.Cube has a component set to zero, which will result in a bad body instance. Scale:X=0.000 Y=1.000 Z=1.000
[2020.09.19-11.14.13:746][809]LogPhysics: Warning: Scale for /Engine/Transient.World_0:PersistentLevel.BP_Wall_C_0.Cube has a component set to zero, which will result in a bad body instance. Scale:X=0.000 Y=1.000 Z=1.000
[2020.09.19-11.14.13:777][810]LogPhysics: Warning: Scale for /Engine/Transient.World_0:PersistentLevel.BP_Wall_C_0.Cube has a component set to zero, which will result in a bad body instance. Scale:X=0.000 Y=1.000 Z=1.000
[2020.09.19-11.14.13:778][810]LogPhysics: Warning: Scale for /Engine/Transient.World_0:PersistentLevel.BP_Wall_C_0.Cube has a component set to zero, which will result in a bad body instance. Scale:X=0.000 Y=1.000 Z=1.000
[2020.09.19-11.14.13:778][810]LogPhysics: Warning: Scale for /Engine/Transient.World_0:PersistentLevel.BP_Wall_C_0.Cube has a component set to zero, which will result in a bad body instance. Scale:X=0.000 Y=1.000 Z=1.000
[2020.09.19-11.14.13:810][811]LogPhysics: Warning: Scale for /Engine/Transient.World_0:PersistentLevel.BP_Wall_C_0.Cube has a component set to zero, which will result in a bad body instance. Scale:X=0.000 Y=1.000 Z=1.000
[2020.09.19-11.14.13:810][811]LogPhysics: Warning: Scale for /Engine/Transient.World_0:PersistentLevel.BP_Wall_C_0.Cube has a component set to zero, which will result in a bad body instance. Scale:X=0.000 Y=1.000 Z=1.000
[2020.09.19-11.14.13:811][811]LogPhysics: Warning: Scale for /Engine/Transient.World_0:PersistentLevel.BP_Wall_C_0.Cube has a component set to zero, which will result in a bad body instance. Scale:X=0.000 Y=1.000 Z=1.000
[2020.09.19-11.14.13:839][812]LogPhysics: Warning: Scale for /Engine/Transient.World_0:PersistentLevel.BP_Wall_C_0.Cube has a component set to zero, which will result in a bad body instance. Scale:X=0.000 Y=1.000 Z=1.000
[2020.09.19-11.14.13:840][812]LogPhysics: Warning: Scale for /Engine/Transient.World_0:PersistentLevel.BP_Wall_C_0.Cube has a component set to zero, which will result in a bad body instance. Scale:X=0.000 Y=1.000 Z=1.000
[2020.09.19-11.14.13:840][812]LogPhysics: Warning: Scale for /Engine/Transient.World_0:PersistentLevel.BP_Wall_C_0.Cube has a component set to zero, which will result in a bad body instance. Scale:X=0.000 Y=1.000 Z=1.000
[2020.09.19-11.14.13:870][813]LogPhysics: Warning: Scale for /Engine/Transient.World_0:PersistentLevel.BP_Wall_C_0.Cube has a component set to zero, which will result in a bad body instance. Scale:X=0.000 Y=1.000 Z=1.000
[2020.09.19-11.14.13:871][813]LogPhysics: Warning: Scale for /Engine/Transient.World_0:PersistentLevel.BP_Wall_C_0.Cube has a component set to zero, which will result in a bad body instance. Scale:X=0.000 Y=1.000 Z=1.000
[2020.09.19-11.14.13:871][813]LogPhysics: Warning: Scale for /Engine/Transient.World_0:PersistentLevel.BP_Wall_C_0.Cube has a component set to zero, which will result in a bad body instance. Scale:X=0.000 Y=1.000 Z=1.000
[2020.09.19-11.14.13:901][814]LogPhysics: Warning: Scale for /Engine/Transient.World_0:PersistentLevel.BP_Wall_C_0.Cube has a component set to zero, which will result in a bad body instance. Scale:X=0.000 Y=1.000 Z=1.000
[2020.09.19-11.14.13:901][814]LogPhysics: Warning: Scale for /Engine/Transient.World_0:PersistentLevel.BP_Wall_C_0.Cube has a component set to zero, which will result in a bad body instance. Scale:X=0.000 Y=1.000 Z=1.000
[2020.09.19-11.14.22:715][104]LogEditorTransaction: Undo Modify Component(s)
[2020.09.19-11.14.50:493][875]BlueprintLog: New page: Compile BP_Wall
[2020.09.19-11.14.51:128][875]LogUObjectHash: Compacting FUObjectHashTables data took   7.76ms
[2020.09.19-11.14.51:628][888]Cmd: OBJ SAVEPACKAGE PACKAGE="/Game/BP_Wall" FILE="../../../../../../Ready Games Unity/forGitHub/HomeWork6/Hw_6/Content/BP_Wall.uasset" SILENT=true
[2020.09.19-11.14.51:696][888]LogSavePackage: Moving '../../../../../../Ready Games Unity/forGitHub/HomeWork6/Hw_6/Saved/BP_WallB5A16A8F4B1CCDDA6AA577B38EEC6CA5.tmp' to '../../../../../../Ready Games Unity/forGitHub/HomeWork6/Hw_6/Content/BP_Wall.uasset'
[2020.09.19-11.14.51:747][888]AssetCheck: New page: Asset Save: BP_Wall
[2020.09.19-11.14.51:747][888]LogContentValidation: Display: Validating Blueprint /Game/BP_Wall.BP_Wall
[2020.09.19-11.15.23:188][ 63]LogEditorViewport: Clicking on Actor (LMB): BP_Sky_Sphere_C (Sky Sphere)
[2020.09.19-11.15.24:046][ 94]Cmd: DUPLICATE
[2020.09.19-11.15.24:046][ 94]Cmd: ACTOR DUPLICATE
[2020.09.19-11.15.25:407][144]LogEditorViewport: Clicking on Actor (LMB): BP_Wall_C (BP_Wall)
[2020.09.19-11.15.29:100][285]Cmd: DELETE
[2020.09.19-11.15.29:100][285]Cmd: ACTOR DELETE
[2020.09.19-11.15.29:103][285]LogEditorActor: Deleted Actor: BP_Sky_Sphere_C
[2020.09.19-11.15.29:180][285]LogUObjectHash: Compacting FUObjectHashTables data took   6.84ms
[2020.09.19-11.15.29:182][285]LogEditorActor: Deleted 1 Actors (0.082 secs)
[2020.09.19-11.15.31:361][372]Cmd: DUPLICATE
[2020.09.19-11.15.31:361][372]Cmd: ACTOR DUPLICATE
[2020.09.19-11.19.03:554][731]LogEditorViewport: Clicking on Actor (LMB): StaticMeshActor (Floor)
[2020.09.19-11.19.15:380][187]LogEditorViewport: Clicking on Actor (LMB): BP_Wall_C (BP_Wall2)
[2020.09.19-11.19.21:137][411]Cmd: DELETE
[2020.09.19-11.19.21:137][411]Cmd: ACTOR DELETE
[2020.09.19-11.19.21:139][411]LogEditorActor: Deleted Actor: BP_Wall_C
[2020.09.19-11.19.21:203][411]LogUObjectHash: Compacting FUObjectHashTables data took   4.90ms
[2020.09.19-11.19.21:205][411]LogEditorActor: Deleted 1 Actors (0.068 secs)
[2020.09.19-11.19.22:075][448]LogEditorViewport: Clicking on Actor (LMB): BP_Wall_C (BP_Wall)
[2020.09.19-11.19.46:248][364]Cmd: DUPLICATE
[2020.09.19-11.19.46:248][364]Cmd: ACTOR DUPLICATE
[2020.09.19-11.19.59:335][828]LogEditorViewport: Clicking on Actor (LMB): StaticMeshActor (Floor)
[2020.09.19-11.20.02:707][953]Cmd: DUPLICATE
[2020.09.19-11.20.02:708][953]Cmd: ACTOR DUPLICATE
[2020.09.19-11.20.32:069][ 41]Cmd: DUPLICATE
[2020.09.19-11.20.32:069][ 41]Cmd: ACTOR DUPLICATE
[2020.09.19-11.20.55:502][915]MapCheck: New page: Map Check
[2020.09.19-11.20.55:622][915]LightingResults: New page: Lighting Build - 19 сент. 2020 г., 17:20:55
[2020.09.19-11.20.55:851][915]LogSwarmInterface: [OpenConnection] Registering TCP channel ...
[2020.09.19-11.20.56:187][915]LogSwarmInterface: [OpenConnection] Connecting to agent ...
[2020.09.19-11.20.56:251][915]LogSwarmInterface: [TryOpenConnection] Testing the Agent
[2020.09.19-11.20.58:582][915]LogSwarmInterface: [TryOpenConnection] Opening Connection to Agent
[2020.09.19-11.20.58:582][915]LogSwarmInterface: [TryOpenConnection] Local Process ID is 7632
[2020.09.19-11.21.08:010][915]LogStaticLightingSystem: Warning: No importance volume found, so the scene bounding box was used.  You can optimize your scene's quality and lighting build times by adding importance volumes.
[2020.09.19-11.21.08:027][915]LogStaticLightingSystem: Running Lightmass w/ ImmediateImport mode ENABLED
[2020.09.19-11.21.08:027][915]LogStaticLightingSystem: Running Lightmass w/ ImmediateProcess mode ENABLED
[2020.09.19-11.21.08:027][915]LogStaticLightingSystem: Running Lightmass w/ Sorting mode ENABLED
[2020.09.19-11.21.08:027][915]LogStaticLightingSystem: Running Lightmass w/ Mapping paddings ENABLED
[2020.09.19-11.21.08:027][915]LogStaticLightingSystem: Running Lightmass w/ Mapping debug paddings DISABLED
[2020.09.19-11.21.08:560][915]LogEditorBuildUtils: Build time 0:13
[2020.09.19-11.21.08:930][920]LogUObjectHash: Compacting FUObjectHashTables data took   5.39ms
[2020.09.19-11.21.11:713][960]LogUObjectHash: Compacting FUObjectHashTables data took   1.82ms
[2020.09.19-11.21.11:729][960]Cmd: OBJ SAVEPACKAGE PACKAGE="/Temp/Untitled_1" FILE="../../../../../../Ready Games Unity/forGitHub/HomeWork6/Hw_6/Saved/Autosaves/Temp/Untitled_1_Auto1.umap" SILENT=true AUTOSAVING=true KEEPDIRTY=false
[2020.09.19-11.21.11:762][960]LogSavePackage: Moving '../../../../../../Ready Games Unity/forGitHub/HomeWork6/Hw_6/Saved/Untitled_1_Auto1B7A8FA7B4B82B3480A8FDB97C1F91685.tmp' to '../../../../../../Ready Games Unity/forGitHub/HomeWork6/Hw_6/Saved/Autosaves/Temp/Untitled_1_Auto1.umap'
[2020.09.19-11.21.11:764][960]LogFileHelpers: Editor autosave (incl. sublevels) for '/Temp/Untitled_1' took 0.103
[2020.09.19-11.21.11:764][960]LogFileHelpers: Editor autosave (incl. sublevels) for all levels took 0.103
[2020.09.19-11.21.12:282][973]Job is a success!
[2020.09.19-11.21.12:442][974]LogVolumetricLightmapImport: Imported Volumetric Lightmap in 0.015s
[2020.09.19-11.21.12:442][974]LogVolumetricLightmapImport:      Indirection Texture 16x16x16 = 0.0Mb
[2020.09.19-11.21.12:442][974]LogVolumetricLightmapImport:      BrickData (all levels) 0.1Mb
[2020.09.19-11.21.12:442][974]LogVolumetricLightmapImport:      Bricks at depth
[2020.09.19-11.21.12:442][974]LogVolumetricLightmapImport:          0: 5.6% covering 100.0% of volume
[2020.09.19-11.21.12:442][974]LogVolumetricLightmapImport:          1: 5.6% covering 1.6% of volume
[2020.09.19-11.21.12:442][974]LogVolumetricLightmapImport:          2: 88.9% covering 0.4% of volume
[2020.09.19-11.21.12:442][974]LogVolumetricLightmapImport:      Bricks in each level
[2020.09.19-11.21.12:442][974]LogVolumetricLightmapImport:          Untitled_1 			 18 bricks 	 100.0% (Persistent Level)
[2020.09.19-11.21.12:823][974]LogTexture: Display: Building textures: HQ_Lightmap0_1 (AutoDXT, 256X256)
[2020.09.19-11.21.12:823][974]LogTexture: Display: Building textures: LQ_Lightmap_0_1 (DXT1, 256X256)
[2020.09.19-11.21.12:823][974]LogTexture: Display: Building textures: HQ_Lightmap0_2 (AutoDXT, 64X64)
[2020.09.19-11.21.12:823][974]LogTexture: Display: Building textures: LQ_Lightmap_0_2 (DXT1, 64X64)
[2020.09.19-11.21.12:823][974]LogTexture: Display: Building textures: ShadowMapTexture2D_1 (G8, 32X32)
[2020.09.19-11.21.12:823][974]LogTexture: Display: Building textures: ShadowMapTexture2D_0 (G8, 128X128)
[2020.09.19-11.21.12:823][974]Lightmass on WIN-UD8GML5BFHB: 1.49 sec total, 225 ms importing, 48 ms setup, 133 ms photons, 757 ms processing, 0 ms extra exporting [2/2 mappings]. Threads: 3.02 sec total, 292 ms processing.
[2020.09.19-11.21.12:838][974]LogStaticLightingSystem: Untitled_1_BuiltData storing lightmap data for 2 meshes in 2 LightmapResourceClusters (1.0 Meshes per cluster).
[2020.09.19-11.21.12:928][974]LogUObjectHash: Compacting FUObjectHashTables data took   6.04ms
[2020.09.19-11.21.12:952][974]LogStaticLightingSystem: Illumination: 17.3 sec (41 ms encoding lightmaps, 9 ms encoding shadowmaps)
[2020.09.19-11.21.12:952][974]LogStaticLightingSystem: Lightmap texture memory:  0.1 MB (0.1 MB streaming, 0.0 MB non-streaming), 4 textures
[2020.09.19-11.21.12:952][974]LogStaticLightingSystem: Shadowmap texture memory: 0.0 MB (0.0 MB streaming, 0.0 MB non-streaming), 2 textures
[2020.09.19-11.21.13:997][974]DumpUnbuiltLightIteractions
[2020.09.19-11.21.13:997][974]Lights with unbuilt interactions: 0
[2020.09.19-11.21.13:997][974]
[2020.09.19-11.21.13:997][974]Primitives with unbuilt interactions: 0
[2020.09.19-11.21.14:089][975]Cmd: MAP CHECK NOTIFYRESULTS
[2020.09.19-11.21.14:090][975]MapCheck: New page: Untitled_1 - 19 сент. 2020 г., 17:21:14
[2020.09.19-11.21.14:090][975]MapCheck: Map check complete: 0 Error(s), 0 Warning(s), took 0,745ms to complete.
[2020.09.19-11.21.31:928][676]LogUObjectHash: Compacting FUObjectHashTables data took   5.87ms
[2020.09.19-11.21.33:358][676]LogSlate: Window 'Save Level As' being destroyed
[2020.09.19-11.21.33:382][676]Cmd: OBJ SAVEPACKAGE PACKAGE="/Game/Untitled" FILE="../../../../../../Ready Games Unity/forGitHub/HomeWork6/Hw_6/Content/Untitled.umap" SILENT=true AUTOSAVING=false KEEPDIRTY=false
[2020.09.19-11.21.33:445][676]LogUObjectHash: Compacting FUObjectHashTables data took   1.91ms
[2020.09.19-11.21.33:465][676]LogSavePackage: Moving '../../../../../../Ready Games Unity/forGitHub/HomeWork6/Hw_6/Saved/UntitledB6E230F542B559135CB0FB9A6F0CD1BD.tmp' to '../../../../../../Ready Games Unity/forGitHub/HomeWork6/Hw_6/Content/Untitled.umap'
[2020.09.19-11.21.33:478][676]LogFileHelpers: Saving map 'Untitled' took 0.101
[2020.09.19-11.21.33:479][676]Cmd: OBJ SAVEPACKAGE PACKAGE="/Game/Untitled_BuiltData" FILE="../../../../../../Ready Games Unity/forGitHub/HomeWork6/Hw_6/Content/Untitled_BuiltData.uasset" SILENT=true
[2020.09.19-11.21.33:507][676]LogSavePackage: Moving '../../../../../../Ready Games Unity/forGitHub/HomeWork6/Hw_6/Saved/Untitled_BuiltData3DA2CD7F48359DD946FF18BC7AEB9896.tmp' to '../../../../../../Ready Games Unity/forGitHub/HomeWork6/Hw_6/Content/Untitled_BuiltData.uasset'
[2020.09.19-11.21.33:548][676]AssetCheck: New page: Asset Save: multiple assets
[2020.09.19-11.21.33:548][676]LogContentValidation: Display: Validating World /Game/Untitled.Untitled
[2020.09.19-11.21.33:548][676]LogContentValidation: Display: Validating MapBuildDataRegistry /Game/Untitled_BuiltData.Untitled_BuiltData
[2020.09.19-11.22.54:905][  5]BlueprintLog: New page: Compile BP_Wall
[2020.09.19-11.22.55:298][  5]LogUObjectHash: Compacting FUObjectHashTables data took   6.73ms
[2020.09.19-11.22.56:118][ 26]Cmd: OBJ SAVEPACKAGE PACKAGE="/Game/BP_Wall" FILE="../../../../../../Ready Games Unity/forGitHub/HomeWork6/Hw_6/Content/BP_Wall.uasset" SILENT=true
[2020.09.19-11.22.56:139][ 26]LogSavePackage: Moving '../../../../../../Ready Games Unity/forGitHub/HomeWork6/Hw_6/Saved/BP_Wall594D86654589032A734EA4AD88C3DD57.tmp' to '../../../../../../Ready Games Unity/forGitHub/HomeWork6/Hw_6/Content/BP_Wall.uasset'
[2020.09.19-11.22.56:158][ 26]AssetCheck: New page: Asset Save: BP_Wall
[2020.09.19-11.22.56:158][ 26]LogContentValidation: Display: Validating Blueprint /Game/BP_Wall.BP_Wall
[2020.09.19-11.23.14:118][116]LogEditorViewport: Clicking on Actor (LMB): StaticMeshActor (Floor)
[2020.09.19-11.23.25:327][923]MapCheck: New page: Map Check
[2020.09.19-11.23.25:345][923]LightingResults: New page: Lighting Build - 19 сент. 2020 г., 17:23:25
[2020.09.19-11.23.25:358][923]LogSwarmInterface: [OpenConnection] Registering TCP channel ...
[2020.09.19-11.23.25:362][923]LogSwarmInterface: [OpenConnection] Connecting to agent ...
[2020.09.19-11.23.25:362][923]LogSwarmInterface: [TryOpenConnection] Testing the Agent
[2020.09.19-11.23.25:364][923]LogSwarmInterface: [TryOpenConnection] Opening Connection to Agent
[2020.09.19-11.23.25:364][923]LogSwarmInterface: [TryOpenConnection] Local Process ID is 7632
[2020.09.19-11.23.30:474][923]LogStaticLightingSystem: Warning: No importance volume found, so the scene bounding box was used.  You can optimize your scene's quality and lighting build times by adding importance volumes.
[2020.09.19-11.23.30:474][923]LogStaticLightingSystem: Running Lightmass w/ ImmediateImport mode ENABLED
[2020.09.19-11.23.30:475][923]LogStaticLightingSystem: Running Lightmass w/ ImmediateProcess mode ENABLED
[2020.09.19-11.23.30:475][923]LogStaticLightingSystem: Running Lightmass w/ Sorting mode ENABLED
[2020.09.19-11.23.30:475][923]LogStaticLightingSystem: Running Lightmass w/ Mapping paddings ENABLED
[2020.09.19-11.23.30:475][923]LogStaticLightingSystem: Running Lightmass w/ Mapping debug paddings DISABLED
[2020.09.19-11.23.30:691][923]LogEditorBuildUtils: Build time 0:05
[2020.09.19-11.23.30:851][925]LogUObjectHash: Compacting FUObjectHashTables data took   6.69ms
[2020.09.19-11.23.33:813][991]Job is a success!
[2020.09.19-11.23.33:909][992]LogVolumetricLightmapImport: Imported Volumetric Lightmap in 0.015s
[2020.09.19-11.23.33:909][992]LogVolumetricLightmapImport:      Indirection Texture 16x16x16 = 0.0Mb
[2020.09.19-11.23.33:909][992]LogVolumetricLightmapImport:      BrickData (all levels) 0.1Mb
[2020.09.19-11.23.33:909][992]LogVolumetricLightmapImport:      Bricks at depth
[2020.09.19-11.23.33:909][992]LogVolumetricLightmapImport:          0: 3.1% covering 100.0% of volume
[2020.09.19-11.23.33:909][992]LogVolumetricLightmapImport:          1: 3.1% covering 1.6% of volume
[2020.09.19-11.23.33:909][992]LogVolumetricLightmapImport:          2: 93.8% covering 0.7% of volume
[2020.09.19-11.23.33:909][992]LogVolumetricLightmapImport:      Bricks in each level
[2020.09.19-11.23.33:909][992]LogVolumetricLightmapImport:          Untitled 			 32 bricks 	 100.0% (Persistent Level)
[2020.09.19-11.23.34:031][992]LogTexture: Display: Building textures: HQ_Lightmap1_1 (AutoDXT, 256X256)
[2020.09.19-11.23.34:031][992]LogTexture: Display: Building textures: LQ_Lightmap_1_1 (DXT1, 256X256)
[2020.09.19-11.23.34:031][992]LogTexture: Display: Building textures: HQ_Lightmap1_2 (AutoDXT, 64X64)
[2020.09.19-11.23.34:031][992]LogTexture: Display: Building textures: LQ_Lightmap_1_2 (DXT1, 64X64)
[2020.09.19-11.23.34:031][992]LogTexture: Display: Building textures: ShadowMapTexture2D_3 (G8, 32X32)
[2020.09.19-11.23.34:031][992]LogTexture: Display: Building textures: ShadowMapTexture2D_2 (G8, 256X128)
[2020.09.19-11.23.34:031][992]LogStaticLightingSystem: Untitled_BuiltData storing lightmap data for 6 meshes in 2 LightmapResourceClusters (3.0 Meshes per cluster).
[2020.09.19-11.23.34:096][992]Lightmass on WIN-UD8GML5BFHB: 1.75 sec total, 183 ms importing, 17 ms setup, 212 ms photons, 1.25 sec processing, 0 ms extra exporting [6/6 mappings]. Threads: 5.00 sec total, 894 ms processing.
[2020.09.19-11.23.34:102][992]LogUObjectHash: Compacting FUObjectHashTables data took   5.78ms
[2020.09.19-11.23.34:128][992]LogStaticLightingSystem: Illumination: 8.72 sec (93 ms encoding lightmaps, 17 ms encoding shadowmaps)
[2020.09.19-11.23.34:129][992]LogStaticLightingSystem: Lightmap texture memory:  0.1 MB (0.1 MB streaming, 0.0 MB non-streaming), 4 textures
[2020.09.19-11.23.34:129][992]LogStaticLightingSystem: Shadowmap texture memory: 0.0 MB (0.0 MB streaming, 0.0 MB non-streaming), 2 textures
[2020.09.19-11.23.34:475][992]DumpUnbuiltLightIteractions
[2020.09.19-11.23.34:475][992]Lights with unbuilt interactions: 0
[2020.09.19-11.23.34:475][992]
[2020.09.19-11.23.34:475][992]Primitives with unbuilt interactions: 0
[2020.09.19-11.23.34:559][993]Cmd: MAP CHECK NOTIFYRESULTS
[2020.09.19-11.23.34:559][993]MapCheck: New page: Untitled - 19 сент. 2020 г., 17:23:34
[2020.09.19-11.23.34:560][993]MapCheck: Map check complete: 0 Error(s), 0 Warning(s), took 0,453ms to complete.
[2020.09.19-11.23.37:371][ 99]LogUObjectHash: Compacting FUObjectHashTables data took   5.01ms
[2020.09.19-11.23.37:391][ 99]Cmd: OBJ SAVEPACKAGE PACKAGE="/Game/Untitled" FILE="../../../../../../Ready Games Unity/forGitHub/HomeWork6/Hw_6/Content/Untitled.umap" SILENT=true AUTOSAVING=false KEEPDIRTY=false
[2020.09.19-11.23.37:455][ 99]LogUObjectHash: Compacting FUObjectHashTables data took   1.94ms
[2020.09.19-11.23.37:475][ 99]LogSavePackage: Moving '../../../../../../Ready Games Unity/forGitHub/HomeWork6/Hw_6/Saved/UntitledE50667044C032A4DE57DA3B42E761A91.tmp' to '../../../../../../Ready Games Unity/forGitHub/HomeWork6/Hw_6/Content/Untitled.umap'
[2020.09.19-11.23.37:488][ 99]LogFileHelpers: Saving map 'Untitled' took 0.098
[2020.09.19-11.23.37:488][ 99]Cmd: OBJ SAVEPACKAGE PACKAGE="/Game/Untitled_BuiltData" FILE="../../../../../../Ready Games Unity/forGitHub/HomeWork6/Hw_6/Content/Untitled_BuiltData.uasset" SILENT=true
[2020.09.19-11.23.37:508][ 99]LogSavePackage: Moving '../../../../../../Ready Games Unity/forGitHub/HomeWork6/Hw_6/Saved/Untitled_BuiltDataA7F975314964A486687B3FB269F17D23.tmp' to '../../../../../../Ready Games Unity/forGitHub/HomeWork6/Hw_6/Content/Untitled_BuiltData.uasset'
[2020.09.19-11.23.37:538][ 99]AssetCheck: New page: Asset Save: multiple assets
[2020.09.19-11.23.37:538][ 99]LogContentValidation: Display: Validating World /Game/Untitled.Untitled
[2020.09.19-11.23.37:538][ 99]LogContentValidation: Display: Validating MapBuildDataRegistry /Game/Untitled_BuiltData.Untitled_BuiltData
